This is pdfTeX, Version 3.141592653-2.6-1.40.23 (MiKTeX 21.8) (preloaded format=pdflatex 2021.10.25)  17 DEC 2021 03:38
entering extended mode
**./lab05_writeup.tex
(lab05_writeup.tex
LaTeX2e <2021-06-01> patch level 1
L3 programming layer <2021-08-27>
(C:\Users\jarde\AppData\Local\Programs\MiKTeX\tex/latex/base\article.cls
Document Class: article 2021/02/12 v1.4n Standard LaTeX document class
(C:\Users\jarde\AppData\Local\Programs\MiKTeX\tex/latex/base\size12.clo
File: size12.clo 2021/02/12 v1.4n Standard LaTeX file (size option)
)
\c@part=\count182
\c@section=\count183
\c@subsection=\count184
\c@subsubsection=\count185
\c@paragraph=\count186
\c@subparagraph=\count187
\c@figure=\count188
\c@table=\count189
\abovecaptionskip=\skip47
\belowcaptionskip=\skip48
\bibindent=\dimen138
)
(C:\Users\jarde\AppData\Local\Programs\MiKTeX\tex/latex/amsfonts\amssymb.sty
Package: amssymb 2013/01/14 v3.01 AMS font symbols

(C:\Users\jarde\AppData\Local\Programs\MiKTeX\tex/latex/amsfonts\amsfonts.sty
Package: amsfonts 2013/01/14 v3.01 Basic AMSFonts support
\@emptytoks=\toks16
\symAMSa=\mathgroup4
\symAMSb=\mathgroup5
LaTeX Font Info:    Redeclaring math symbol \hbar on input line 98.
LaTeX Font Info:    Overwriting math alphabet `\mathfrak' in version `bold'
(Font)                  U/euf/m/n --> U/euf/b/n on input line 106.
)) (C:\Users\jarde\AppData\Local\Programs\MiKTeX\tex/latex/amsmath\amsmath.sty
Package: amsmath 2021/04/20 v2.17j AMS math features
\@mathmargin=\skip49

For additional information on amsmath, use the `?' option.
(C:\Users\jarde\AppData\Local\Programs\MiKTeX\tex/latex/amsmath\amstext.sty
Package: amstext 2000/06/29 v2.01 AMS text

(C:\Users\jarde\AppData\Local\Programs\MiKTeX\tex/latex/amsmath\amsgen.sty
File: amsgen.sty 1999/11/30 v2.0 generic functions
\@emptytoks=\toks17
\ex@=\dimen139
))
(C:\Users\jarde\AppData\Local\Programs\MiKTeX\tex/latex/amsmath\amsbsy.sty
Package: amsbsy 1999/11/29 v1.2d Bold Symbols
\pmbraise@=\dimen140
)
(C:\Users\jarde\AppData\Local\Programs\MiKTeX\tex/latex/amsmath\amsopn.sty
Package: amsopn 2016/03/08 v2.02 operator names
)
\inf@bad=\count190
LaTeX Info: Redefining \frac on input line 234.
\uproot@=\count191
\leftroot@=\count192
LaTeX Info: Redefining \overline on input line 399.
\classnum@=\count193
\DOTSCASE@=\count194
LaTeX Info: Redefining \ldots on input line 496.
LaTeX Info: Redefining \dots on input line 499.
LaTeX Info: Redefining \cdots on input line 620.
\Mathstrutbox@=\box50
\strutbox@=\box51
\big@size=\dimen141
LaTeX Font Info:    Redeclaring font encoding OML on input line 743.
LaTeX Font Info:    Redeclaring font encoding OMS on input line 744.
\macc@depth=\count195
\c@MaxMatrixCols=\count196
\dotsspace@=\muskip16
\c@parentequation=\count197
\dspbrk@lvl=\count198
\tag@help=\toks18
\row@=\count199
\column@=\count266
\maxfields@=\count267
\andhelp@=\toks19
\eqnshift@=\dimen142
\alignsep@=\dimen143
\tagshift@=\dimen144
\tagwidth@=\dimen145
\totwidth@=\dimen146
\lineht@=\dimen147
\@envbody=\toks20
\multlinegap=\skip50
\multlinetaggap=\skip51
\mathdisplay@stack=\toks21
LaTeX Info: Redefining \[ on input line 2923.
LaTeX Info: Redefining \] on input line 2924.
)
(C:\Users\jarde\AppData\Local\Programs\MiKTeX\tex/latex/geometry\geometry.sty
Package: geometry 2020/01/02 v5.9 Page Geometry

(C:\Users\jarde\AppData\Local\Programs\MiKTeX\tex/latex/graphics\keyval.sty
Package: keyval 2014/10/28 v1.15 key=value parser (DPC)
\KV@toks@=\toks22
)
(C:\Users\jarde\AppData\Local\Programs\MiKTeX\tex/generic/iftex\ifvtex.sty
Package: ifvtex 2019/10/25 v1.7 ifvtex legacy package. Use iftex instead.

(C:\Users\jarde\AppData\Local\Programs\MiKTeX\tex/generic/iftex\iftex.sty
Package: iftex 2020/03/06 v1.0d TeX engine tests
))
\Gm@cnth=\count268
\Gm@cntv=\count269
\c@Gm@tempcnt=\count270
\Gm@bindingoffset=\dimen148
\Gm@wd@mp=\dimen149
\Gm@odd@mp=\dimen150
\Gm@even@mp=\dimen151
\Gm@layoutwidth=\dimen152
\Gm@layoutheight=\dimen153
\Gm@layouthoffset=\dimen154
\Gm@layoutvoffset=\dimen155
\Gm@dimlist=\toks23

(C:\Users\jarde\AppData\Local\Programs\MiKTeX\tex/latex/geometry\geometry.cfg))
(C:\Users\jarde\AppData\Local\Programs\MiKTeX\tex/latex/graphics\graphicx.sty
Package: graphicx 2020/12/05 v1.2c Enhanced LaTeX Graphics (DPC,SPQR)

(C:\Users\jarde\AppData\Local\Programs\MiKTeX\tex/latex/graphics\graphics.sty
Package: graphics 2021/03/04 v1.4d Standard LaTeX Graphics (DPC,SPQR)

(C:\Users\jarde\AppData\Local\Programs\MiKTeX\tex/latex/graphics\trig.sty
Package: trig 2016/01/03 v1.10 sin cos tan (DPC)
)
(C:\Users\jarde\AppData\Local\Programs\MiKTeX\tex/latex/graphics-cfg\graphics.c
fg
File: graphics.cfg 2016/06/04 v1.11 sample graphics configuration
)
Package graphics Info: Driver file: pdftex.def on input line 107.

(C:\Users\jarde\AppData\Local\Programs\MiKTeX\tex/latex/graphics-def\pdftex.def
File: pdftex.def 2020/10/05 v1.2a Graphics/color driver for pdftex
))
\Gin@req@height=\dimen156
\Gin@req@width=\dimen157
) (C:\Users\jarde\AppData\Local\Programs\MiKTeX\tex/latex/caption\caption.sty
Package: caption 2020/10/26 v3.5g Customizing captions (AR)
(C:\Users\jarde\AppData\Local\Programs\MiKTeX\tex/latex/caption\caption3.sty
Package: caption3 2020/10/21 v2.2e caption3 kernel (AR)
\captionmargin=\dimen158
\captionmargin@=\dimen159
\captionwidth=\dimen160
\caption@tempdima=\dimen161
\caption@indent=\dimen162
\caption@parindent=\dimen163
\caption@hangindent=\dimen164
Package caption Info: Standard document class detected.
)
\c@caption@flags=\count271
\c@continuedfloat=\count272
)
(C:\Users\jarde\AppData\Local\Programs\MiKTeX\tex/latex/physics\physics.sty
Package: physics 

(C:\Users\jarde\AppData\Local\Programs\MiKTeX\tex/latex/l3packages/xparse\xpars
e.sty
(C:\Users\jarde\AppData\Local\Programs\MiKTeX\tex/latex/l3kernel\expl3.sty
Package: expl3 2021-08-27 L3 programming layer (loader) 

(C:\Users\jarde\AppData\Local\Programs\MiKTeX\tex/latex/l3backend\l3backend-pdf
tex.def
File: l3backend-pdftex.def 2021-08-04 L3 backend support: PDF output (pdfTeX)
\l__color_backend_stack_int=\count273
\l__pdf_internal_box=\box52
))
Package: xparse 2021-08-27 L3 Experimental document command parser
))
(C:\Users\jarde\AppData\Local\Programs\MiKTeX\tex/latex/ulem\ulem.sty
\UL@box=\box53
\UL@hyphenbox=\box54
\UL@skip=\skip52
\UL@hook=\toks24
\UL@height=\dimen165
\UL@pe=\count274
\UL@pixel=\dimen166
\ULC@box=\box55
Package: ulem 2019/11/18
\ULdepth=\dimen167
)
(C:\Users\jarde\AppData\Local\Programs\MiKTeX\tex/latex/tools\longtable.sty
Package: longtable 2021-05-07 v4.16 Multi-page Table package (DPC)
\LTleft=\skip53
\LTright=\skip54
\LTpre=\skip55
\LTpost=\skip56
\LTchunksize=\count275
\LTcapwidth=\dimen168
\LT@head=\box56
\LT@firsthead=\box57
\LT@foot=\box58
\LT@lastfoot=\box59
\LT@gbox=\box60
\LT@cols=\count276
\LT@rows=\count277
\c@LT@tables=\count278
\c@LT@chunks=\count279
\LT@p@ftn=\toks25
)
(lab05_writeup.aux)
\openout1 = `lab05_writeup.aux'.

LaTeX Font Info:    Checking defaults for OML/cmm/m/it on input line 19.
LaTeX Font Info:    ... okay on input line 19.
LaTeX Font Info:    Checking defaults for OMS/cmsy/m/n on input line 19.
LaTeX Font Info:    ... okay on input line 19.
LaTeX Font Info:    Checking defaults for OT1/cmr/m/n on input line 19.
LaTeX Font Info:    ... okay on input line 19.
LaTeX Font Info:    Checking defaults for T1/cmr/m/n on input line 19.
LaTeX Font Info:    ... okay on input line 19.
LaTeX Font Info:    Checking defaults for TS1/cmr/m/n on input line 19.
LaTeX Font Info:    ... okay on input line 19.
LaTeX Font Info:    Checking defaults for OMX/cmex/m/n on input line 19.
LaTeX Font Info:    ... okay on input line 19.
LaTeX Font Info:    Checking defaults for U/cmr/m/n on input line 19.
LaTeX Font Info:    ... okay on input line 19.

*geometry* driver: auto-detecting
*geometry* detected driver: pdftex
*geometry* verbose mode - [ preamble ] result:
* driver: pdftex
* paper: <default>
* layout: <same size as paper>
* layoutoffset:(h,v)=(0.0pt,0.0pt)
* modes: 
* h-part:(L,W,R)=(72.26999pt, 469.75502pt, 72.26999pt)
* v-part:(T,H,B)=(72.26999pt, 650.43001pt, 72.26999pt)
* \paperwidth=614.295pt
* \paperheight=794.96999pt
* \textwidth=469.75502pt
* \textheight=650.43001pt
* \oddsidemargin=0.0pt
* \evensidemargin=0.0pt
* \topmargin=-40.0pt
* \headheight=15.0pt
* \headsep=25.0pt
* \topskip=12.0pt
* \footskip=30.0pt
* \marginparwidth=44.0pt
* \marginparsep=10.0pt
* \columnsep=10.0pt
* \skip\footins=10.8pt plus 4.0pt minus 2.0pt
* \hoffset=0.0pt
* \voffset=0.0pt
* \mag=1000
* \@twocolumnfalse
* \@twosidefalse
* \@mparswitchfalse
* \@reversemarginfalse
* (1in=72.27pt=25.4mm, 1cm=28.453pt)


(C:\Users\jarde\AppData\Local\Programs\MiKTeX\tex/context/base/mkii\supp-pdf.mk
ii
[Loading MPS to PDF converter (version 2006.09.02).]
\scratchcounter=\count280
\scratchdimen=\dimen169
\scratchbox=\box61
\nofMPsegments=\count281
\nofMParguments=\count282
\everyMPshowfont=\toks26
\MPscratchCnt=\count283
\MPscratchDim=\dimen170
\MPnumerator=\count284
\makeMPintoPDFobject=\count285
\everyMPtoPDFconversion=\toks27
)
(C:\Users\jarde\AppData\Local\Programs\MiKTeX\tex/latex/epstopdf-pkg\epstopdf-b
ase.sty
Package: epstopdf-base 2020-01-24 v2.11 Base part for package epstopdf
Package epstopdf-base Info: Redefining graphics rule for `.eps' on input line 4
85.

(C:\Users\jarde\AppData\Local\Programs\MiKTeX\tex/latex/00miktex\epstopdf-sys.c
fg
File: epstopdf-sys.cfg 2021/03/18 v2.0 Configuration of epstopdf for MiKTeX
))
Package caption Info: Begin \AtBeginDocument code.
Package caption Info: longtable package is loaded.

(C:\Users\jarde\AppData\Local\Programs\MiKTeX\tex/latex/caption\ltcaption.sty
Package: ltcaption 2020/05/30 v1.4b longtable captions (AR)
)
Package caption Info: End \AtBeginDocument code.
LaTeX Font Info:    Trying to load font information for U+msa on input line 23.


(C:\Users\jarde\AppData\Local\Programs\MiKTeX\tex/latex/amsfonts\umsa.fd
File: umsa.fd 2013/01/14 v3.01 AMS symbols A
)
LaTeX Font Info:    Trying to load font information for U+msb on input line 23.


(C:\Users\jarde\AppData\Local\Programs\MiKTeX\tex/latex/amsfonts\umsb.fd
File: umsb.fd 2013/01/14 v3.01 AMS symbols B
)
[1

{C:/Users/jarde/AppData/Local/MiKTeX/pdftex/config/pdftex.map}]
<../../../Advanced_lab_data/lab05/images/trap.jpg, id=8, 2466.96657pt x 1387.43
344pt>
File: ../../../Advanced_lab_data/lab05/images/trap.jpg Graphic file (type jpg)
<use ../../../Advanced_lab_data/lab05/images/trap.jpg>
Package pdftex.def Info: ../../../Advanced_lab_data/lab05/images/trap.jpg  used
 on input line 48.
(pdftex.def)             Requested size: 469.75502pt x 264.18669pt.
<../../../Advanced_lab_data/lab05/images/h_cali.png, id=9, 1445.4pt x 361.35pt>

File: ../../../Advanced_lab_data/lab05/images/h_cali.png Graphic file (type png
)
<use ../../../Advanced_lab_data/lab05/images/h_cali.png>
Package pdftex.def Info: ../../../Advanced_lab_data/lab05/images/h_cali.png  us
ed on input line 64.
(pdftex.def)             Requested size: 469.75502pt x 117.43735pt.
<../../../Advanced_lab_data/lab05/images/v_cali.png, id=11, 1445.4pt x 361.35pt
>
File: ../../../Advanced_lab_data/lab05/images/v_cali.png Graphic file (type png
)
<use ../../../Advanced_lab_data/lab05/images/v_cali.png>
Package pdftex.def Info: ../../../Advanced_lab_data/lab05/images/v_cali.png  us
ed on input line 68.
(pdftex.def)             Requested size: 469.75502pt x 117.43735pt.
 [2] [3 <../../../Advanced_lab_data/lab05/images/trap.jpg> <../../../Advanced_l
ab_data/lab05/images/h_cali.png> <../../../Advanced_lab_data/lab05/images/v_cal
i.png>]
<../../../Advanced_lab_data/lab05/images/bolz_dist.png, id=21, 1084.05pt x 361.
35pt>
File: ../../../Advanced_lab_data/lab05/images/bolz_dist.png Graphic file (type 
png)
<use ../../../Advanced_lab_data/lab05/images/bolz_dist.png>
Package pdftex.def Info: ../../../Advanced_lab_data/lab05/images/bolz_dist.png 
 used on input line 81.
(pdftex.def)             Requested size: 469.75502pt x 156.58498pt.
<../../../Advanced_lab_data/lab05/images/no_vac.png, id=22, 1084.05pt x 578.16p
t>
File: ../../../Advanced_lab_data/lab05/images/no_vac.png Graphic file (type png
)
<use ../../../Advanced_lab_data/lab05/images/no_vac.png>
Package pdftex.def Info: ../../../Advanced_lab_data/lab05/images/no_vac.png  us
ed on input line 89.
(pdftex.def)             Requested size: 469.75502pt x 250.53596pt.

[4 <../../../Advanced_lab_data/lab05/images/bolz_dist.png>]
<../../../Advanced_lab_data/lab05/images/rough_vac.png, id=32, 1084.05pt x 578.
16pt>
File: ../../../Advanced_lab_data/lab05/images/rough_vac.png Graphic file (type 
png)
<use ../../../Advanced_lab_data/lab05/images/rough_vac.png>
Package pdftex.def Info: ../../../Advanced_lab_data/lab05/images/rough_vac.png 
 used on input line 95.
(pdftex.def)             Requested size: 469.75502pt x 250.53596pt.
<../../../Advanced_lab_data/lab05/images/high_vac.png, id=33, 1084.05pt x 578.1
6pt>
File: ../../../Advanced_lab_data/lab05/images/high_vac.png Graphic file (type p
ng)
<use ../../../Advanced_lab_data/lab05/images/high_vac.png>
Package pdftex.def Info: ../../../Advanced_lab_data/lab05/images/high_vac.png  
used on input line 101.
(pdftex.def)             Requested size: 469.75502pt x 250.53596pt.
<../../../Advanced_lab_data/lab05/images/highest_vac.png, id=34, 1084.05pt x 57
8.16pt>
File: ../../../Advanced_lab_data/lab05/images/highest_vac.png Graphic file (typ
e png)
<use ../../../Advanced_lab_data/lab05/images/highest_vac.png>
Package pdftex.def Info: ../../../Advanced_lab_data/lab05/images/highest_vac.pn
g  used on input line 109.
(pdftex.def)             Requested size: 469.75502pt x 250.53596pt.
<../../../Advanced_lab_data/lab05/images/highest_vac_xy.png, id=35, 1084.05pt x
 578.16pt>
File: ../../../Advanced_lab_data/lab05/images/highest_vac_xy.png Graphic file (
type png)
<use ../../../Advanced_lab_data/lab05/images/highest_vac_xy.png>
Package pdftex.def Info: ../../../Advanced_lab_data/lab05/images/highest_vac_xy
.png  used on input line 113.
(pdftex.def)             Requested size: 469.75502pt x 250.53596pt.
 [5 <../../../Advanced_lab_data/lab05/images/no_vac.png>] [6 <../../../Advanced
_lab_data/lab05/images/rough_vac.png> <../../../Advanced_lab_data/lab05/images/
high_vac.png>]
[7 <../../../Advanced_lab_data/lab05/images/highest_vac.png> <../../../Advanced
_lab_data/lab05/images/highest_vac_xy.png>]
<../../../Advanced_lab_data/lab05/images/dispersion.png, id=51, 1084.05pt x 361
.35pt>
File: ../../../Advanced_lab_data/lab05/images/dispersion.png Graphic file (type
 png)
<use ../../../Advanced_lab_data/lab05/images/dispersion.png>
Package pdftex.def Info: ../../../Advanced_lab_data/lab05/images/dispersion.png
  used on input line 128.
(pdftex.def)             Requested size: 469.75502pt x 156.58498pt.
<../../../Advanced_lab_data/lab05/images/dispersion_gauss.png, id=52, 722.7pt x
 361.35pt>
File: ../../../Advanced_lab_data/lab05/images/dispersion_gauss.png Graphic file
 (type png)
<use ../../../Advanced_lab_data/lab05/images/dispersion_gauss.png>
Package pdftex.def Info: ../../../Advanced_lab_data/lab05/images/dispersion_gau
ss.png  used on input line 138.
(pdftex.def)             Requested size: 469.75502pt x 234.88023pt.
 [8 <../../../Advanced_lab_data/lab05/images/dispersion.png>] [9 <../../../Adva
nced_lab_data/lab05/images/dispersion_gauss.png>] (lab05_writeup.aux) ) 
Here is how much of TeX's memory you used:
 5103 strings out of 478927
 78858 string characters out of 2852534
 382268 words of memory out of 3000000
 22910 multiletter control sequences out of 15000+600000
 411992 words of font info for 61 fonts, out of 8000000 for 9000
 1141 hyphenation exceptions out of 8191
 70i,7n,81p,1277b,288s stack positions out of 5000i,500n,10000p,200000b,80000s
<C:/User
s/jarde/AppData/Local/Programs/MiKTeX/fonts/type1/public/amsfonts/cm/cmbx12.pfb
><C:/Users/jarde/AppData/Local/Programs/MiKTeX/fonts/type1/public/amsfonts/cm/c
mex10.pfb><C:/Users/jarde/AppData/Local/Programs/MiKTeX/fonts/type1/public/amsf
onts/cm/cmmi12.pfb><C:/Users/jarde/AppData/Local/Programs/MiKTeX/fonts/type1/pu
blic/amsfonts/cm/cmmi8.pfb><C:/Users/jarde/AppData/Local/Programs/MiKTeX/fonts/
type1/public/amsfonts/cm/cmr12.pfb><C:/Users/jarde/AppData/Local/Programs/MiKTe
X/fonts/type1/public/amsfonts/cm/cmr17.pfb><C:/Users/jarde/AppData/Local/Progra
ms/MiKTeX/fonts/type1/public/amsfonts/cm/cmr8.pfb><C:/Users/jarde/AppData/Local
/Programs/MiKTeX/fonts/type1/public/amsfonts/cm/cmsy10.pfb><C:/Users/jarde/AppD
ata/Local/Programs/MiKTeX/fonts/type1/public/amsfonts/cm/cmsy8.pfb>
Output written on lab05_writeup.pdf (9 pages, 2314379 bytes).
PDF statistics:
 99 PDF objects out of 1000 (max. 8388607)
 0 named destinations out of 1000 (max. 500000)
 56 words of extra memory for PDF output out of 10000 (max. 10000000)

