This is pdfTeX, Version 3.141592653-2.6-1.40.23 (MiKTeX 21.8) (preloaded format=pdflatex 2021.10.25)  8 NOV 2021 17:36
entering extended mode
**./lab02_writeup.tex
(lab02_writeup.tex
LaTeX2e <2021-06-01> patch level 1
L3 programming layer <2021-08-27>
(C:\Users\jarde\AppData\Local\Programs\MiKTeX\tex/latex/base\article.cls
Document Class: article 2021/02/12 v1.4n Standard LaTeX document class
(C:\Users\jarde\AppData\Local\Programs\MiKTeX\tex/latex/base\size12.clo
File: size12.clo 2021/02/12 v1.4n Standard LaTeX file (size option)
)
\c@part=\count182
\c@section=\count183
\c@subsection=\count184
\c@subsubsection=\count185
\c@paragraph=\count186
\c@subparagraph=\count187
\c@figure=\count188
\c@table=\count189
\abovecaptionskip=\skip47
\belowcaptionskip=\skip48
\bibindent=\dimen138
)
(C:\Users\jarde\AppData\Local\Programs\MiKTeX\tex/generic/babel\babel.sty
Package: babel 2021/07/22 3.63 The Babel package

(C:\Users\jarde\AppData\Local\Programs\MiKTeX\tex/generic/babel\babel.def
File: babel.def 2021/07/22 3.63 Babel common definitions
\babel@savecnt=\count190
\U@D=\dimen139
\l@unhyphenated=\language79

(C:\Users\jarde\AppData\Local\Programs\MiKTeX\tex/generic/babel\txtbabel.def)
\bbl@readstream=\read2
)
\bbl@dirlevel=\count191

*************************************
* Local config file bblopts.cfg used
*
(C:\Users\jarde\AppData\Local\Programs\MiKTeX\tex/latex/arabi\bblopts.cfg
File: bblopts.cfg 2005/09/08 v0.1 add Arabic and Farsi to "declared" options of
 babel
)
(C:\Users\jarde\AppData\Local\Programs\MiKTeX\tex/latex/babel-english\english.l
df
Language: english 2017/06/06 v3.3r English support from the babel system
Package babel Info: Hyphen rules for 'canadian' set to \l@english
(babel)             (\language0). Reported on input line 102.
Package babel Info: Hyphen rules for 'australian' set to \l@ukenglish
(babel)             (\language73). Reported on input line 105.
Package babel Info: Hyphen rules for 'newzealand' set to \l@ukenglish
(babel)             (\language73). Reported on input line 108.
))
(C:\Users\jarde\AppData\Local\Programs\MiKTeX\tex/latex/amsfonts\amssymb.sty
Package: amssymb 2013/01/14 v3.01 AMS font symbols

(C:\Users\jarde\AppData\Local\Programs\MiKTeX\tex/latex/amsfonts\amsfonts.sty
Package: amsfonts 2013/01/14 v3.01 Basic AMSFonts support
\@emptytoks=\toks16
\symAMSa=\mathgroup4
\symAMSb=\mathgroup5
LaTeX Font Info:    Redeclaring math symbol \hbar on input line 98.
LaTeX Font Info:    Overwriting math alphabet `\mathfrak' in version `bold'
(Font)                  U/euf/m/n --> U/euf/b/n on input line 106.
)) (C:\Users\jarde\AppData\Local\Programs\MiKTeX\tex/latex/amsmath\amsmath.sty
Package: amsmath 2021/04/20 v2.17j AMS math features
\@mathmargin=\skip49

For additional information on amsmath, use the `?' option.
(C:\Users\jarde\AppData\Local\Programs\MiKTeX\tex/latex/amsmath\amstext.sty
Package: amstext 2000/06/29 v2.01 AMS text

(C:\Users\jarde\AppData\Local\Programs\MiKTeX\tex/latex/amsmath\amsgen.sty
File: amsgen.sty 1999/11/30 v2.0 generic functions
\@emptytoks=\toks17
\ex@=\dimen140
))
(C:\Users\jarde\AppData\Local\Programs\MiKTeX\tex/latex/amsmath\amsbsy.sty
Package: amsbsy 1999/11/29 v1.2d Bold Symbols
\pmbraise@=\dimen141
)
(C:\Users\jarde\AppData\Local\Programs\MiKTeX\tex/latex/amsmath\amsopn.sty
Package: amsopn 2016/03/08 v2.02 operator names
)
\inf@bad=\count192
LaTeX Info: Redefining \frac on input line 234.
\uproot@=\count193
\leftroot@=\count194
LaTeX Info: Redefining \overline on input line 399.
\classnum@=\count195
\DOTSCASE@=\count196
LaTeX Info: Redefining \ldots on input line 496.
LaTeX Info: Redefining \dots on input line 499.
LaTeX Info: Redefining \cdots on input line 620.
\Mathstrutbox@=\box50
\strutbox@=\box51
\big@size=\dimen142
LaTeX Font Info:    Redeclaring font encoding OML on input line 743.
LaTeX Font Info:    Redeclaring font encoding OMS on input line 744.
\macc@depth=\count197
\c@MaxMatrixCols=\count198
\dotsspace@=\muskip16
\c@parentequation=\count199
\dspbrk@lvl=\count266
\tag@help=\toks18
\row@=\count267
\column@=\count268
\maxfields@=\count269
\andhelp@=\toks19
\eqnshift@=\dimen143
\alignsep@=\dimen144
\tagshift@=\dimen145
\tagwidth@=\dimen146
\totwidth@=\dimen147
\lineht@=\dimen148
\@envbody=\toks20
\multlinegap=\skip50
\multlinetaggap=\skip51
\mathdisplay@stack=\toks21
LaTeX Info: Redefining \[ on input line 2923.
LaTeX Info: Redefining \] on input line 2924.
)
(C:\Users\jarde\AppData\Local\Programs\MiKTeX\tex/latex/amscls\amsthm.sty
Package: amsthm 2020/05/29 v2.20.6
\thm@style=\toks22
\thm@bodyfont=\toks23
\thm@headfont=\toks24
\thm@notefont=\toks25
\thm@headpunct=\toks26
\thm@preskip=\skip52
\thm@postskip=\skip53
\thm@headsep=\skip54
\dth@everypar=\toks27
)
(C:\Users\jarde\AppData\Local\Programs\MiKTeX\tex/latex/geometry\geometry.sty
Package: geometry 2020/01/02 v5.9 Page Geometry

(C:\Users\jarde\AppData\Local\Programs\MiKTeX\tex/latex/graphics\keyval.sty
Package: keyval 2014/10/28 v1.15 key=value parser (DPC)
\KV@toks@=\toks28
)
(C:\Users\jarde\AppData\Local\Programs\MiKTeX\tex/generic/iftex\ifvtex.sty
Package: ifvtex 2019/10/25 v1.7 ifvtex legacy package. Use iftex instead.

(C:\Users\jarde\AppData\Local\Programs\MiKTeX\tex/generic/iftex\iftex.sty
Package: iftex 2020/03/06 v1.0d TeX engine tests
))
\Gm@cnth=\count270
\Gm@cntv=\count271
\c@Gm@tempcnt=\count272
\Gm@bindingoffset=\dimen149
\Gm@wd@mp=\dimen150
\Gm@odd@mp=\dimen151
\Gm@even@mp=\dimen152
\Gm@layoutwidth=\dimen153
\Gm@layoutheight=\dimen154
\Gm@layouthoffset=\dimen155
\Gm@layoutvoffset=\dimen156
\Gm@dimlist=\toks29

(C:\Users\jarde\AppData\Local\Programs\MiKTeX\tex/latex/geometry\geometry.cfg))
(C:\Users\jarde\AppData\Local\Programs\MiKTeX\tex/latex/graphics\graphicx.sty
Package: graphicx 2020/12/05 v1.2c Enhanced LaTeX Graphics (DPC,SPQR)

(C:\Users\jarde\AppData\Local\Programs\MiKTeX\tex/latex/graphics\graphics.sty
Package: graphics 2021/03/04 v1.4d Standard LaTeX Graphics (DPC,SPQR)

(C:\Users\jarde\AppData\Local\Programs\MiKTeX\tex/latex/graphics\trig.sty
Package: trig 2016/01/03 v1.10 sin cos tan (DPC)
)
(C:\Users\jarde\AppData\Local\Programs\MiKTeX\tex/latex/graphics-cfg\graphics.c
fg
File: graphics.cfg 2016/06/04 v1.11 sample graphics configuration
)
Package graphics Info: Driver file: pdftex.def on input line 107.

(C:\Users\jarde\AppData\Local\Programs\MiKTeX\tex/latex/graphics-def\pdftex.def
File: pdftex.def 2020/10/05 v1.2a Graphics/color driver for pdftex
))
\Gin@req@height=\dimen157
\Gin@req@width=\dimen158
) (C:\Users\jarde\AppData\Local\Programs\MiKTeX\tex/latex/siunitx\siunitx.sty
Package: siunitx 2021-10-15 v3.0.33 A comprehensive (SI) units package
\l__siunitx_angle_tmp_dim=\dimen159
\l__siunitx_angle_marker_box=\box52
\l__siunitx_angle_unit_box=\box53
\l__siunitx_compound_count_int=\count273

(C:\Users\jarde\AppData\Local\Programs\MiKTeX\tex/latex/translations\translatio
ns.sty
Package: translations 2021/01/17 v1.10a internationalization of LaTeX2e package
s (CN)

(C:\Users\jarde\AppData\Local\Programs\MiKTeX\tex/latex/etoolbox\etoolbox.sty
Package: etoolbox 2020/10/05 v2.5k e-TeX tools for LaTeX (JAW)
\etb@tempcnta=\count274
)
(C:\Users\jarde\AppData\Local\Programs\MiKTeX\tex/generic/pdftexcmds\pdftexcmds
.sty
Package: pdftexcmds 2020-06-27 v0.33 Utility functions of pdfTeX for LuaTeX (HO
)

(C:\Users\jarde\AppData\Local\Programs\MiKTeX\tex/generic/infwarerr\infwarerr.s
ty
Package: infwarerr 2019/12/03 v1.5 Providing info/warning/error messages (HO)
)
(C:\Users\jarde\AppData\Local\Programs\MiKTeX\tex/generic/ltxcmds\ltxcmds.sty
Package: ltxcmds 2020-05-10 v1.25 LaTeX kernel commands for general use (HO)
)
Package pdftexcmds Info: \pdf@primitive is available.
Package pdftexcmds Info: \pdf@ifprimitive is available.
Package pdftexcmds Info: \pdfdraftmode found.
))
\l__siunitx_number_exponent_fixed_int=\count275
\l__siunitx_number_min_decimal_int=\count276
\l__siunitx_number_min_integer_int=\count277
\l__siunitx_number_round_precision_int=\count278
\l__siunitx_number_group_minimum_int=\count279
 (C:\Users\jarde\AppData\Local\Programs\MiKTeX\tex/latex/graphics\color.sty
Package: color 2020/02/24 v1.2b Standard LaTeX Color (DPC)

(C:\Users\jarde\AppData\Local\Programs\MiKTeX\tex/latex/graphics-cfg\color.cfg
File: color.cfg 2016/01/02 v1.6 sample color configuration
)
Package color Info: Driver file: pdftex.def on input line 149.
)
\l__siunitx_table_tmp_box=\box54
\l__siunitx_table_tmp_dim=\dimen160
\l__siunitx_table_column_width_dim=\dimen161
\l__siunitx_table_integer_box=\box55
\l__siunitx_table_decimal_box=\box56
\l__siunitx_table_before_box=\box57
\l__siunitx_table_after_box=\box58
\l__siunitx_table_before_dim=\dimen162
\l__siunitx_table_carry_dim=\dimen163
\l__siunitx_unit_tmp_int=\count280
\l__siunitx_unit_position_int=\count281
\l__siunitx_unit_total_int=\count282

(C:\Users\jarde\AppData\Local\Programs\MiKTeX\tex/latex/l3packages/l3keys2e\l3k
eys2e.sty
(C:\Users\jarde\AppData\Local\Programs\MiKTeX\tex/latex/l3kernel\expl3.sty
Package: expl3 2021-08-27 L3 programming layer (loader) 

(C:\Users\jarde\AppData\Local\Programs\MiKTeX\tex/latex/l3backend\l3backend-pdf
tex.def
File: l3backend-pdftex.def 2021-08-04 L3 backend support: PDF output (pdfTeX)
\l__color_backend_stack_int=\count283
\l__pdf_internal_box=\box59
))
Package: l3keys2e 2021-08-27 LaTeX2e option processing using LaTeX3 keys
)
(C:\Users\jarde\AppData\Local\Programs\MiKTeX\tex/latex/tools\array.sty
Package: array 2021/04/20 v2.5e Tabular extension package (FMi)
\col@sep=\dimen164
\ar@mcellbox=\box60
\extrarowheight=\dimen165
\NC@list=\toks30
\extratabsurround=\skip55
\backup@length=\skip56
\ar@cellbox=\box61
))
(C:\Users\jarde\AppData\Local\Programs\MiKTeX\tex/latex/caption\subcaption.sty
Package: subcaption 2020/10/07 v1.3j Sub-captions (AR)

(C:\Users\jarde\AppData\Local\Programs\MiKTeX\tex/latex/caption\caption.sty
Package: caption 2020/10/26 v3.5g Customizing captions (AR)

(C:\Users\jarde\AppData\Local\Programs\MiKTeX\tex/latex/caption\caption3.sty
Package: caption3 2020/10/21 v2.2e caption3 kernel (AR)
\captionmargin=\dimen166
\captionmargin@=\dimen167
\captionwidth=\dimen168
\caption@tempdima=\dimen169
\caption@indent=\dimen170
\caption@parindent=\dimen171
\caption@hangindent=\dimen172
Package caption Info: Standard document class detected.
)
\c@caption@flags=\count284
\c@continuedfloat=\count285
)
\c@subfigure=\count286
\c@subtable=\count287
)
(C:\Users\jarde\AppData\Local\Programs\MiKTeX\tex/latex/pgfplots\pgfplotstable.
sty
(C:\Users\jarde\AppData\Local\Programs\MiKTeX\tex/generic/pgfplots\pgfplots.rev
ision.tex)
Package: pgfplotstable 2021/05/15 v1.18.1 Table typesetting and Pretty-printing
 (1.18.1)

(C:\Users\jarde\AppData\Local\Programs\MiKTeX\tex/latex/pgfplots\pgfplots.sty
(C:\Users\jarde\AppData\Local\Programs\MiKTeX\tex/generic/pgfplots\pgfplots.rev
ision.tex)
Package: pgfplots 2021/05/15 v1.18.1 Data Visualization (1.18.1)

(C:\Users\jarde\AppData\Local\Programs\MiKTeX\tex/latex/pgf/frontendlayer\tikz.
sty
(C:\Users\jarde\AppData\Local\Programs\MiKTeX\tex/latex/pgf/basiclayer\pgf.sty
(C:\Users\jarde\AppData\Local\Programs\MiKTeX\tex/latex/pgf/utilities\pgfrcs.st
y
(C:\Users\jarde\AppData\Local\Programs\MiKTeX\tex/generic/pgf/utilities\pgfutil
-common.tex
\pgfutil@everybye=\toks31
\pgfutil@tempdima=\dimen173
\pgfutil@tempdimb=\dimen174

(C:\Users\jarde\AppData\Local\Programs\MiKTeX\tex/generic/pgf/utilities\pgfutil
-common-lists.tex))
(C:\Users\jarde\AppData\Local\Programs\MiKTeX\tex/generic/pgf/utilities\pgfutil
-latex.def
\pgfutil@abb=\box62
)
(C:\Users\jarde\AppData\Local\Programs\MiKTeX\tex/generic/pgf/utilities\pgfrcs.
code.tex
(C:\Users\jarde\AppData\Local\Programs\MiKTeX\tex/generic/pgf\pgf.revision.tex)
Package: pgfrcs 2021/05/15 v3.1.9a (3.1.9a)
))
Package: pgf 2021/05/15 v3.1.9a (3.1.9a)

(C:\Users\jarde\AppData\Local\Programs\MiKTeX\tex/latex/pgf/basiclayer\pgfcore.
sty
(C:\Users\jarde\AppData\Local\Programs\MiKTeX\tex/latex/pgf/systemlayer\pgfsys.
sty
(C:\Users\jarde\AppData\Local\Programs\MiKTeX\tex/generic/pgf/systemlayer\pgfsy
s.code.tex
Package: pgfsys 2021/05/15 v3.1.9a (3.1.9a)

(C:\Users\jarde\AppData\Local\Programs\MiKTeX\tex/generic/pgf/utilities\pgfkeys
.code.tex
\pgfkeys@pathtoks=\toks32
\pgfkeys@temptoks=\toks33

(C:\Users\jarde\AppData\Local\Programs\MiKTeX\tex/generic/pgf/utilities\pgfkeys
filtered.code.tex
\pgfkeys@tmptoks=\toks34
))
\pgf@x=\dimen175
\pgf@y=\dimen176
\pgf@xa=\dimen177
\pgf@ya=\dimen178
\pgf@xb=\dimen179
\pgf@yb=\dimen180
\pgf@xc=\dimen181
\pgf@yc=\dimen182
\pgf@xd=\dimen183
\pgf@yd=\dimen184
\w@pgf@writea=\write3
\r@pgf@reada=\read3
\c@pgf@counta=\count288
\c@pgf@countb=\count289
\c@pgf@countc=\count290
\c@pgf@countd=\count291
\t@pgf@toka=\toks35
\t@pgf@tokb=\toks36
\t@pgf@tokc=\toks37
\pgf@sys@id@count=\count292

(C:\Users\jarde\AppData\Local\Programs\MiKTeX\tex/generic/pgf/systemlayer\pgf.c
fg
File: pgf.cfg 2021/05/15 v3.1.9a (3.1.9a)
)
Driver file for pgf: pgfsys-pdftex.def

(C:\Users\jarde\AppData\Local\Programs\MiKTeX\tex/generic/pgf/systemlayer\pgfsy
s-pdftex.def
File: pgfsys-pdftex.def 2021/05/15 v3.1.9a (3.1.9a)

(C:\Users\jarde\AppData\Local\Programs\MiKTeX\tex/generic/pgf/systemlayer\pgfsy
s-common-pdf.def
File: pgfsys-common-pdf.def 2021/05/15 v3.1.9a (3.1.9a)
)))
(C:\Users\jarde\AppData\Local\Programs\MiKTeX\tex/generic/pgf/systemlayer\pgfsy
ssoftpath.code.tex
File: pgfsyssoftpath.code.tex 2021/05/15 v3.1.9a (3.1.9a)
\pgfsyssoftpath@smallbuffer@items=\count293
\pgfsyssoftpath@bigbuffer@items=\count294
)
(C:\Users\jarde\AppData\Local\Programs\MiKTeX\tex/generic/pgf/systemlayer\pgfsy
sprotocol.code.tex
File: pgfsysprotocol.code.tex 2021/05/15 v3.1.9a (3.1.9a)
))
(C:\Users\jarde\AppData\Local\Programs\MiKTeX\tex/latex/xcolor\xcolor.sty
Package: xcolor 2016/05/11 v2.12 LaTeX color extensions (UK)

(C:\Users\jarde\AppData\Local\Programs\MiKTeX\tex/latex/graphics-cfg\color.cfg
File: color.cfg 2016/01/02 v1.6 sample color configuration
)
Package xcolor Info: Driver file: pdftex.def on input line 225.
LaTeX Info: Redefining \color on input line 709.
Package xcolor Info: Model `cmy' substituted by `cmy0' on input line 1348.
Package xcolor Info: Model `hsb' substituted by `rgb' on input line 1352.
Package xcolor Info: Model `RGB' extended on input line 1364.
Package xcolor Info: Model `HTML' substituted by `rgb' on input line 1366.
Package xcolor Info: Model `Hsb' substituted by `hsb' on input line 1367.
Package xcolor Info: Model `tHsb' substituted by `hsb' on input line 1368.
Package xcolor Info: Model `HSB' substituted by `hsb' on input line 1369.
Package xcolor Info: Model `Gray' substituted by `gray' on input line 1370.
Package xcolor Info: Model `wave' substituted by `hsb' on input line 1371.
)
(C:\Users\jarde\AppData\Local\Programs\MiKTeX\tex/generic/pgf/basiclayer\pgfcor
e.code.tex
Package: pgfcore 2021/05/15 v3.1.9a (3.1.9a)

(C:\Users\jarde\AppData\Local\Programs\MiKTeX\tex/generic/pgf/math\pgfmath.code
.tex
(C:\Users\jarde\AppData\Local\Programs\MiKTeX\tex/generic/pgf/math\pgfmathcalc.
code.tex
(C:\Users\jarde\AppData\Local\Programs\MiKTeX\tex/generic/pgf/math\pgfmathutil.
code.tex)
(C:\Users\jarde\AppData\Local\Programs\MiKTeX\tex/generic/pgf/math\pgfmathparse
r.code.tex
\pgfmath@dimen=\dimen185
\pgfmath@count=\count295
\pgfmath@box=\box63
\pgfmath@toks=\toks38
\pgfmath@stack@operand=\toks39
\pgfmath@stack@operation=\toks40
)
(C:\Users\jarde\AppData\Local\Programs\MiKTeX\tex/generic/pgf/math\pgfmathfunct
ions.code.tex
(C:\Users\jarde\AppData\Local\Programs\MiKTeX\tex/generic/pgf/math\pgfmathfunct
ions.basic.code.tex)
(C:\Users\jarde\AppData\Local\Programs\MiKTeX\tex/generic/pgf/math\pgfmathfunct
ions.trigonometric.code.tex)
(C:\Users\jarde\AppData\Local\Programs\MiKTeX\tex/generic/pgf/math\pgfmathfunct
ions.random.code.tex)
(C:\Users\jarde\AppData\Local\Programs\MiKTeX\tex/generic/pgf/math\pgfmathfunct
ions.comparison.code.tex)
(C:\Users\jarde\AppData\Local\Programs\MiKTeX\tex/generic/pgf/math\pgfmathfunct
ions.base.code.tex)
(C:\Users\jarde\AppData\Local\Programs\MiKTeX\tex/generic/pgf/math\pgfmathfunct
ions.round.code.tex)
(C:\Users\jarde\AppData\Local\Programs\MiKTeX\tex/generic/pgf/math\pgfmathfunct
ions.misc.code.tex)
(C:\Users\jarde\AppData\Local\Programs\MiKTeX\tex/generic/pgf/math\pgfmathfunct
ions.integerarithmetics.code.tex)))
(C:\Users\jarde\AppData\Local\Programs\MiKTeX\tex/generic/pgf/math\pgfmathfloat
.code.tex
\c@pgfmathroundto@lastzeros=\count296
))
(C:\Users\jarde\AppData\Local\Programs\MiKTeX\tex/generic/pgf/math\pgfint.code.
tex)
(C:\Users\jarde\AppData\Local\Programs\MiKTeX\tex/generic/pgf/basiclayer\pgfcor
epoints.code.tex
File: pgfcorepoints.code.tex 2021/05/15 v3.1.9a (3.1.9a)
\pgf@picminx=\dimen186
\pgf@picmaxx=\dimen187
\pgf@picminy=\dimen188
\pgf@picmaxy=\dimen189
\pgf@pathminx=\dimen190
\pgf@pathmaxx=\dimen191
\pgf@pathminy=\dimen192
\pgf@pathmaxy=\dimen193
\pgf@xx=\dimen194
\pgf@xy=\dimen195
\pgf@yx=\dimen196
\pgf@yy=\dimen197
\pgf@zx=\dimen198
\pgf@zy=\dimen199
)
(C:\Users\jarde\AppData\Local\Programs\MiKTeX\tex/generic/pgf/basiclayer\pgfcor
epathconstruct.code.tex
File: pgfcorepathconstruct.code.tex 2021/05/15 v3.1.9a (3.1.9a)
\pgf@path@lastx=\dimen256
\pgf@path@lasty=\dimen257
)
(C:\Users\jarde\AppData\Local\Programs\MiKTeX\tex/generic/pgf/basiclayer\pgfcor
epathusage.code.tex
File: pgfcorepathusage.code.tex 2021/05/15 v3.1.9a (3.1.9a)
\pgf@shorten@end@additional=\dimen258
\pgf@shorten@start@additional=\dimen259
)
(C:\Users\jarde\AppData\Local\Programs\MiKTeX\tex/generic/pgf/basiclayer\pgfcor
escopes.code.tex
File: pgfcorescopes.code.tex 2021/05/15 v3.1.9a (3.1.9a)
\pgfpic=\box64
\pgf@hbox=\box65
\pgf@layerbox@main=\box66
\pgf@picture@serial@count=\count297
)
(C:\Users\jarde\AppData\Local\Programs\MiKTeX\tex/generic/pgf/basiclayer\pgfcor
egraphicstate.code.tex
File: pgfcoregraphicstate.code.tex 2021/05/15 v3.1.9a (3.1.9a)
\pgflinewidth=\dimen260
)
(C:\Users\jarde\AppData\Local\Programs\MiKTeX\tex/generic/pgf/basiclayer\pgfcor
etransformations.code.tex
File: pgfcoretransformations.code.tex 2021/05/15 v3.1.9a (3.1.9a)
\pgf@pt@x=\dimen261
\pgf@pt@y=\dimen262
\pgf@pt@temp=\dimen263
)
(C:\Users\jarde\AppData\Local\Programs\MiKTeX\tex/generic/pgf/basiclayer\pgfcor
equick.code.tex
File: pgfcorequick.code.tex 2021/05/15 v3.1.9a (3.1.9a)
)
(C:\Users\jarde\AppData\Local\Programs\MiKTeX\tex/generic/pgf/basiclayer\pgfcor
eobjects.code.tex
File: pgfcoreobjects.code.tex 2021/05/15 v3.1.9a (3.1.9a)
)
(C:\Users\jarde\AppData\Local\Programs\MiKTeX\tex/generic/pgf/basiclayer\pgfcor
epathprocessing.code.tex
File: pgfcorepathprocessing.code.tex 2021/05/15 v3.1.9a (3.1.9a)
)
(C:\Users\jarde\AppData\Local\Programs\MiKTeX\tex/generic/pgf/basiclayer\pgfcor
earrows.code.tex
File: pgfcorearrows.code.tex 2021/05/15 v3.1.9a (3.1.9a)
\pgfarrowsep=\dimen264
)
(C:\Users\jarde\AppData\Local\Programs\MiKTeX\tex/generic/pgf/basiclayer\pgfcor
eshade.code.tex
File: pgfcoreshade.code.tex 2021/05/15 v3.1.9a (3.1.9a)
\pgf@max=\dimen265
\pgf@sys@shading@range@num=\count298
\pgf@shadingcount=\count299
)
(C:\Users\jarde\AppData\Local\Programs\MiKTeX\tex/generic/pgf/basiclayer\pgfcor
eimage.code.tex
File: pgfcoreimage.code.tex 2021/05/15 v3.1.9a (3.1.9a)

(C:\Users\jarde\AppData\Local\Programs\MiKTeX\tex/generic/pgf/basiclayer\pgfcor
eexternal.code.tex
File: pgfcoreexternal.code.tex 2021/05/15 v3.1.9a (3.1.9a)
\pgfexternal@startupbox=\box67
))
(C:\Users\jarde\AppData\Local\Programs\MiKTeX\tex/generic/pgf/basiclayer\pgfcor
elayers.code.tex
File: pgfcorelayers.code.tex 2021/05/15 v3.1.9a (3.1.9a)
)
(C:\Users\jarde\AppData\Local\Programs\MiKTeX\tex/generic/pgf/basiclayer\pgfcor
etransparency.code.tex
File: pgfcoretransparency.code.tex 2021/05/15 v3.1.9a (3.1.9a)
)
(C:\Users\jarde\AppData\Local\Programs\MiKTeX\tex/generic/pgf/basiclayer\pgfcor
epatterns.code.tex
File: pgfcorepatterns.code.tex 2021/05/15 v3.1.9a (3.1.9a)
)
(C:\Users\jarde\AppData\Local\Programs\MiKTeX\tex/generic/pgf/basiclayer\pgfcor
erdf.code.tex
File: pgfcorerdf.code.tex 2021/05/15 v3.1.9a (3.1.9a)
)))
(C:\Users\jarde\AppData\Local\Programs\MiKTeX\tex/generic/pgf/modules\pgfmodule
shapes.code.tex
File: pgfmoduleshapes.code.tex 2021/05/15 v3.1.9a (3.1.9a)
\pgfnodeparttextbox=\box68
)
(C:\Users\jarde\AppData\Local\Programs\MiKTeX\tex/generic/pgf/modules\pgfmodule
plot.code.tex
File: pgfmoduleplot.code.tex 2021/05/15 v3.1.9a (3.1.9a)
)
(C:\Users\jarde\AppData\Local\Programs\MiKTeX\tex/latex/pgf/compatibility\pgfco
mp-version-0-65.sty
Package: pgfcomp-version-0-65 2021/05/15 v3.1.9a (3.1.9a)
\pgf@nodesepstart=\dimen266
\pgf@nodesepend=\dimen267
)
(C:\Users\jarde\AppData\Local\Programs\MiKTeX\tex/latex/pgf/compatibility\pgfco
mp-version-1-18.sty
Package: pgfcomp-version-1-18 2021/05/15 v3.1.9a (3.1.9a)
))
(C:\Users\jarde\AppData\Local\Programs\MiKTeX\tex/latex/pgf/utilities\pgffor.st
y
(C:\Users\jarde\AppData\Local\Programs\MiKTeX\tex/latex/pgf/utilities\pgfkeys.s
ty
(C:\Users\jarde\AppData\Local\Programs\MiKTeX\tex/generic/pgf/utilities\pgfkeys
.code.tex))
(C:\Users\jarde\AppData\Local\Programs\MiKTeX\tex/latex/pgf/math\pgfmath.sty
(C:\Users\jarde\AppData\Local\Programs\MiKTeX\tex/generic/pgf/math\pgfmath.code
.tex))
(C:\Users\jarde\AppData\Local\Programs\MiKTeX\tex/generic/pgf/utilities\pgffor.
code.tex
Package: pgffor 2021/05/15 v3.1.9a (3.1.9a)

(C:\Users\jarde\AppData\Local\Programs\MiKTeX\tex/generic/pgf/math\pgfmath.code
.tex)
\pgffor@iter=\dimen268
\pgffor@skip=\dimen269
\pgffor@stack=\toks41
\pgffor@toks=\toks42
))
(C:\Users\jarde\AppData\Local\Programs\MiKTeX\tex/generic/pgf/frontendlayer/tik
z\tikz.code.tex
Package: tikz 2021/05/15 v3.1.9a (3.1.9a)

(C:\Users\jarde\AppData\Local\Programs\MiKTeX\tex/generic/pgf/libraries\pgflibr
aryplothandlers.code.tex
File: pgflibraryplothandlers.code.tex 2021/05/15 v3.1.9a (3.1.9a)
\pgf@plot@mark@count=\count300
\pgfplotmarksize=\dimen270
)
\tikz@lastx=\dimen271
\tikz@lasty=\dimen272
\tikz@lastxsaved=\dimen273
\tikz@lastysaved=\dimen274
\tikz@lastmovetox=\dimen275
\tikz@lastmovetoy=\dimen276
\tikzleveldistance=\dimen277
\tikzsiblingdistance=\dimen278
\tikz@figbox=\box69
\tikz@figbox@bg=\box70
\tikz@tempbox=\box71
\tikz@tempbox@bg=\box72
\tikztreelevel=\count301
\tikznumberofchildren=\count302
\tikznumberofcurrentchild=\count303
\tikz@fig@count=\count304

(C:\Users\jarde\AppData\Local\Programs\MiKTeX\tex/generic/pgf/modules\pgfmodule
matrix.code.tex
File: pgfmodulematrix.code.tex 2021/05/15 v3.1.9a (3.1.9a)
\pgfmatrixcurrentrow=\count305
\pgfmatrixcurrentcolumn=\count306
\pgf@matrix@numberofcolumns=\count307
)
\tikz@expandcount=\count308

(C:\Users\jarde\AppData\Local\Programs\MiKTeX\tex/generic/pgf/frontendlayer/tik
z/libraries\tikzlibrarytopaths.code.tex
File: tikzlibrarytopaths.code.tex 2021/05/15 v3.1.9a (3.1.9a)
)))
(C:\Users\jarde\AppData\Local\Programs\MiKTeX\tex/generic/pgfplots\pgfplots.cod
e.tex
(C:\Users\jarde\AppData\Local\Programs\MiKTeX\tex/generic/pgfplots\pgfplotscore
.code.tex
\t@pgfplots@toka=\toks43
\t@pgfplots@tokb=\toks44
\t@pgfplots@tokc=\toks45
\pgfplots@tmpa=\dimen279
\c@pgfplots@coordindex=\count309
\c@pgfplots@scanlineindex=\count310

(C:\Users\jarde\AppData\Local\Programs\MiKTeX\tex/generic/pgfplots/sys\pgfplots
sysgeneric.code.tex))
(C:\Users\jarde\AppData\Local\Programs\MiKTeX\tex/generic/pgfplots/libs\pgfplot
slibrary.code.tex)
(C:\Users\jarde\AppData\Local\Programs\MiKTeX\tex/generic/pgfplots/oldpgfcompat
ib\pgfplotsoldpgfsupp_loader.code.tex
(C:\Users\jarde\AppData\Local\Programs\MiKTeX\tex/generic/pgf/libraries\pgflibr
aryfpu.code.tex))
(C:\Users\jarde\AppData\Local\Programs\MiKTeX\tex/generic/pgfplots/util\pgfplot
sutil.code.tex
(C:\Users\jarde\AppData\Local\Programs\MiKTeX\tex/generic/pgfplots/liststructur
e\pgfplotsliststructure.code.tex)
(C:\Users\jarde\AppData\Local\Programs\MiKTeX\tex/generic/pgfplots/liststructur
e\pgfplotsliststructureext.code.tex)
(C:\Users\jarde\AppData\Local\Programs\MiKTeX\tex/generic/pgfplots/liststructur
e\pgfplotsarray.code.tex
\c@pgfplotsarray@tmp=\count311
)
(C:\Users\jarde\AppData\Local\Programs\MiKTeX\tex/generic/pgfplots/liststructur
e\pgfplotsmatrix.code.tex)
(C:\Users\jarde\AppData\Local\Programs\MiKTeX\tex/generic/pgfplots/numtable\pgf
plotstableshared.code.tex
\c@pgfplotstable@counta=\count312
\t@pgfplotstable@a=\toks46
)
(C:\Users\jarde\AppData\Local\Programs\MiKTeX\tex/generic/pgfplots/liststructur
e\pgfplotsdeque.code.tex)
(C:\Users\jarde\AppData\Local\Programs\MiKTeX\tex/generic/pgfplots/util\pgfplot
sbinary.code.tex
(C:\Users\jarde\AppData\Local\Programs\MiKTeX\tex/generic/pgfplots/util\pgfplot
sbinary.data.code.tex))
(C:\Users\jarde\AppData\Local\Programs\MiKTeX\tex/generic/pgfplots/util\pgfplot
sutil.verb.code.tex)
(C:\Users\jarde\AppData\Local\Programs\MiKTeX\tex/generic/pgfplots/libs\pgflibr
arypgfplots.surfshading.code.tex
\c@pgfplotslibrarysurf@no=\count313

(C:\Users\jarde\AppData\Local\Programs\MiKTeX\tex/generic/pgfplots/sys\pgflibra
rypgfplots.surfshading.pgfsys-pdftex.def)))
(C:\Users\jarde\AppData\Local\Programs\MiKTeX\tex/generic/pgfplots/util\pgfplot
scolormap.code.tex
(C:\Users\jarde\AppData\Local\Programs\MiKTeX\tex/generic/pgfplots/util\pgfplot
scolor.code.tex))
(C:\Users\jarde\AppData\Local\Programs\MiKTeX\tex/generic/pgfplots\pgfplotsstac
kedplots.code.tex)
(C:\Users\jarde\AppData\Local\Programs\MiKTeX\tex/generic/pgfplots\pgfplotsplot
handlers.code.tex
(C:\Users\jarde\AppData\Local\Programs\MiKTeX\tex/generic/pgfplots\pgfplotsmesh
plothandler.code.tex
(C:\Users\jarde\AppData\Local\Programs\MiKTeX\tex/generic/pgfplots\pgfplotsmesh
plotimage.code.tex)))
(C:\Users\jarde\AppData\Local\Programs\MiKTeX\tex/generic/pgfplots\pgfplots.sca
ling.code.tex)
(C:\Users\jarde\AppData\Local\Programs\MiKTeX\tex/generic/pgfplots\pgfplotscoor
dprocessing.code.tex)
(C:\Users\jarde\AppData\Local\Programs\MiKTeX\tex/generic/pgfplots\pgfplots.err
orbars.code.tex)
(C:\Users\jarde\AppData\Local\Programs\MiKTeX\tex/generic/pgfplots\pgfplots.mar
kers.code.tex)
(C:\Users\jarde\AppData\Local\Programs\MiKTeX\tex/generic/pgfplots\pgfplotstick
s.code.tex)
(C:\Users\jarde\AppData\Local\Programs\MiKTeX\tex/generic/pgfplots\pgfplots.pat
hs.code.tex)
(C:\Users\jarde\AppData\Local\Programs\MiKTeX\tex/generic/pgf/frontendlayer/tik
z/libraries\tikzlibrarydecorations.code.tex
(C:\Users\jarde\AppData\Local\Programs\MiKTeX\tex/generic/pgf/modules\pgfmodule
decorations.code.tex
\pgfdecoratedcompleteddistance=\dimen280
\pgfdecoratedremainingdistance=\dimen281
\pgfdecoratedinputsegmentcompleteddistance=\dimen282
\pgfdecoratedinputsegmentremainingdistance=\dimen283
\pgf@decorate@distancetomove=\dimen284
\pgf@decorate@repeatstate=\count314
\pgfdecorationsegmentamplitude=\dimen285
\pgfdecorationsegmentlength=\dimen286
)
\tikz@lib@dec@box=\box73
)
(C:\Users\jarde\AppData\Local\Programs\MiKTeX\tex/generic/pgf/frontendlayer/tik
z/libraries\tikzlibrarydecorations.pathmorphing.code.tex
(C:\Users\jarde\AppData\Local\Programs\MiKTeX\tex/generic/pgf/libraries/decorat
ions\pgflibrarydecorations.pathmorphing.code.tex))
(C:\Users\jarde\AppData\Local\Programs\MiKTeX\tex/generic/pgf/frontendlayer/tik
z/libraries\tikzlibrarydecorations.pathreplacing.code.tex
(C:\Users\jarde\AppData\Local\Programs\MiKTeX\tex/generic/pgf/libraries/decorat
ions\pgflibrarydecorations.pathreplacing.code.tex))
(C:\Users\jarde\AppData\Local\Programs\MiKTeX\tex/generic/pgfplots/libs\tikzlib
rarypgfplots.contourlua.code.tex)
\pgfplots@numplots=\count315
\pgfplots@xmin@reg=\dimen287
\pgfplots@xmax@reg=\dimen288
\pgfplots@ymin@reg=\dimen289
\pgfplots@ymax@reg=\dimen290
\pgfplots@zmin@reg=\dimen291
\pgfplots@zmax@reg=\dimen292
)
(C:\Users\jarde\AppData\Local\Programs\MiKTeX\tex/generic/pgf/frontendlayer/tik
z/libraries\tikzlibraryplotmarks.code.tex
File: tikzlibraryplotmarks.code.tex 2021/05/15 v3.1.9a (3.1.9a)

(C:\Users\jarde\AppData\Local\Programs\MiKTeX\tex/generic/pgf/libraries\pgflibr
aryplotmarks.code.tex
File: pgflibraryplotmarks.code.tex 2021/05/15 v3.1.9a (3.1.9a)
)))
(C:\Users\jarde\AppData\Local\Programs\MiKTeX\tex/generic/pgfplots/numtable\pgf
plotstable.code.tex
(C:\Users\jarde\AppData\Local\Programs\MiKTeX\tex/generic/pgfplots/numtable\pgf
plotstable.coltype.code.tex))) (lab02_writeup.aux)
\openout1 = `lab02_writeup.aux'.

LaTeX Font Info:    Checking defaults for OML/cmm/m/it on input line 21.
LaTeX Font Info:    ... okay on input line 21.
LaTeX Font Info:    Checking defaults for OMS/cmsy/m/n on input line 21.
LaTeX Font Info:    ... okay on input line 21.
LaTeX Font Info:    Checking defaults for OT1/cmr/m/n on input line 21.
LaTeX Font Info:    ... okay on input line 21.
LaTeX Font Info:    Checking defaults for T1/cmr/m/n on input line 21.
LaTeX Font Info:    ... okay on input line 21.
LaTeX Font Info:    Checking defaults for TS1/cmr/m/n on input line 21.
LaTeX Font Info:    ... okay on input line 21.
LaTeX Font Info:    Checking defaults for OMX/cmex/m/n on input line 21.
LaTeX Font Info:    ... okay on input line 21.
LaTeX Font Info:    Checking defaults for U/cmr/m/n on input line 21.
LaTeX Font Info:    ... okay on input line 21.

*geometry* driver: auto-detecting
*geometry* detected driver: pdftex
*geometry* verbose mode - [ preamble ] result:
* driver: pdftex
* paper: <default>
* layout: <same size as paper>
* layoutoffset:(h,v)=(0.0pt,0.0pt)
* modes: 
* h-part:(L,W,R)=(72.26999pt, 469.75502pt, 72.26999pt)
* v-part:(T,H,B)=(72.26999pt, 650.43001pt, 72.26999pt)
* \paperwidth=614.295pt
* \paperheight=794.96999pt
* \textwidth=469.75502pt
* \textheight=650.43001pt
* \oddsidemargin=0.0pt
* \evensidemargin=0.0pt
* \topmargin=-40.0pt
* \headheight=15.0pt
* \headsep=25.0pt
* \topskip=12.0pt
* \footskip=30.0pt
* \marginparwidth=44.0pt
* \marginparsep=10.0pt
* \columnsep=10.0pt
* \skip\footins=10.8pt plus 4.0pt minus 2.0pt
* \hoffset=0.0pt
* \voffset=0.0pt
* \mag=1000
* \@twocolumnfalse
* \@twosidefalse
* \@mparswitchfalse
* \@reversemarginfalse
* (1in=72.27pt=25.4mm, 1cm=28.453pt)


(C:\Users\jarde\AppData\Local\Programs\MiKTeX\tex/context/base/mkii\supp-pdf.mk
ii
[Loading MPS to PDF converter (version 2006.09.02).]
\scratchcounter=\count316
\scratchdimen=\dimen293
\scratchbox=\box74
\nofMPsegments=\count317
\nofMParguments=\count318
\everyMPshowfont=\toks47
\MPscratchCnt=\count319
\MPscratchDim=\dimen294
\MPnumerator=\count320
\makeMPintoPDFobject=\count321
\everyMPtoPDFconversion=\toks48
)
(C:\Users\jarde\AppData\Local\Programs\MiKTeX\tex/latex/epstopdf-pkg\epstopdf-b
ase.sty
Package: epstopdf-base 2020-01-24 v2.11 Base part for package epstopdf
Package epstopdf-base Info: Redefining graphics rule for `.eps' on input line 4
85.

(C:\Users\jarde\AppData\Local\Programs\MiKTeX\tex/latex/00miktex\epstopdf-sys.c
fg
File: epstopdf-sys.cfg 2021/03/18 v2.0 Configuration of epstopdf for MiKTeX
))
(C:\Users\jarde\AppData\Local\Programs\MiKTeX\tex/latex/translations/dicts\tran
slations-basic-dictionary-english.trsl
File: translations-basic-dictionary-english.trsl (english translation file `tra
nslations-basic-dictionary')
)
Package translations Info: loading dictionary `translations-basic-dictionary' f
or `english'. on input line 21.
Package caption Info: Begin \AtBeginDocument code.
Package caption Info: End \AtBeginDocument code.

Package pgfplots notification 'compat/show suggested version=true': you might b
enefit from \pgfplotsset{compat=1.18} (current compat level: 1.9).

LaTeX Font Info:    Trying to load font information for U+msa on input line 25.

(C:\Users\jarde\AppData\Local\Programs\MiKTeX\tex/latex/amsfonts\umsa.fd
File: umsa.fd 2013/01/14 v3.01 AMS symbols A
)
LaTeX Font Info:    Trying to load font information for U+msb on input line 25.


(C:\Users\jarde\AppData\Local\Programs\MiKTeX\tex/latex/amsfonts\umsb.fd
File: umsb.fd 2013/01/14 v3.01 AMS symbols B
)
[1

{C:/Users/jarde/AppData/Local/MiKTeX/pdftex/config/pdftex.map}] [2]
Package epstopdf Info: Source file: <../lab02/images/circuit.eps>
(epstopdf)                    date: 2021-10-22 21:00:39
(epstopdf)                    size: 143607 bytes
(epstopdf)             Output file: <../lab02/images/circuit-eps-converted-to.p
df>
(epstopdf)             Command: <miktex-epstopdf --outfile=../lab02/images/circ
uit-eps-converted-to.pdf ../lab02/images/circuit.eps>
(epstopdf)             \includegraphics on input line 94.
runsystem(miktex-epstopdf --outfile=../lab02/images/circuit-eps-converted-to.pd
f ../lab02/images/circuit.eps)...executed (allowed).

Package epstopdf Info: Result file: <../lab02/images/circuit-eps-converted-to.p
df>.


! Package pdftex.def Error: File `../lab02/images/circuit-eps-converted-to.pdf'
 not found: using draft setting.

See the pdftex.def package documentation for explanation.
Type  H <return>  for immediate help.
 ...                                              
                                                  
l.94 	\includegraphics[width=4in]{circuit}
                                          
Try typing  <return>  to proceed.
If that doesn't work, type  X <return>  to quit.

[3]
Package epstopdf Info: Source file: <../lab02/images/1 kHz Sine Wave (uniform).
eps>
(epstopdf)                    date: 2021-10-23 23:48:33
(epstopdf)                    size: 61739 bytes
(epstopdf)             Output file: <../lab02/images/1 kHz Sine Wave (uniform)-
eps-converted-to.pdf>
(epstopdf)             Command: <miktex-epstopdf --outfile=../lab02/images/1 kH
z Sine Wave (uniform)-eps-converted-to.pdf ../lab02/images/1 kHz Sine Wave (uni
form).eps>
(epstopdf)             \includegraphics on input line 109.
runsystem(miktex-epstopdf --outfile=../lab02/images/1 kHz Sine Wave (uniform)-e
ps-converted-to.pdf ../lab02/images/1 kHz Sine Wave (uniform).eps)...executed (
allowed).

Package epstopdf Info: Result file: <../lab02/images/1 kHz Sine Wave (uniform)-
eps-converted-to.pdf>.


! Package pdftex.def Error: File `../lab02/images/1 kHz Sine Wave (uniform)-eps
-converted-to.pdf' not found: using draft setting.

See the pdftex.def package documentation for explanation.
Type  H <return>  for immediate help.
 ...                                              
                                                  
l.109 ...th=\textwidth]{1 kHz Sine Wave (uniform)}
                                                  
Try typing  <return>  to proceed.
If that doesn't work, type  X <return>  to quit.

Package epstopdf Info: Source file: <../lab02/images/1 kHz Sine Wave (hanning).
eps>
(epstopdf)                    date: 2021-10-23 23:48:33
(epstopdf)                    size: 65664 bytes
(epstopdf)             Output file: <../lab02/images/1 kHz Sine Wave (hanning)-
eps-converted-to.pdf>
(epstopdf)             Command: <miktex-epstopdf --outfile=../lab02/images/1 kH
z Sine Wave (hanning)-eps-converted-to.pdf ../lab02/images/1 kHz Sine Wave (han
ning).eps>
(epstopdf)             \includegraphics on input line 110.
runsystem(miktex-epstopdf --outfile=../lab02/images/1 kHz Sine Wave (hanning)-e
ps-converted-to.pdf ../lab02/images/1 kHz Sine Wave (hanning).eps)...executed (
allowed).

Package epstopdf Info: Result file: <../lab02/images/1 kHz Sine Wave (hanning)-
eps-converted-to.pdf>.

! Package pdftex.def Error: File `../lab02/images/1 kHz Sine Wave (hanning)-eps
-converted-to.pdf' not found: using draft setting.

See the pdftex.def package documentation for explanation.
Type  H <return>  for immediate help.
 ...                                              
                                                  
l.110 ...th=\textwidth]{1 kHz Sine Wave (hanning)}
                                                  
Try typing  <return>  to proceed.
If that doesn't work, type  X <return>  to quit.

Package epstopdf Info: Source file: <../lab02/images/1_03 kHz Sine Wave (unifor
m).eps>
(epstopdf)                    date: 2021-10-23 23:48:33
(epstopdf)                    size: 57781 bytes
(epstopdf)             Output file: <../lab02/images/1_03 kHz Sine Wave (unifor
m)-eps-converted-to.pdf>
(epstopdf)             Command: <miktex-epstopdf --outfile=../lab02/images/1_03
 kHz Sine Wave (uniform)-eps-converted-to.pdf ../lab02/images/1_03 kHz Sine Wav
e (uniform).eps>
(epstopdf)             \includegraphics on input line 111.
runsystem(miktex-epstopdf --outfile=../lab02/images/1_03 kHz Sine Wave (uniform
)-eps-converted-to.pdf ../lab02/images/1_03 kHz Sine Wave (uniform).eps)...exec
uted (allowed).

Package epstopdf Info: Result file: <../lab02/images/1_03 kHz Sine Wave (unifor
m)-eps-converted-to.pdf>.

! Package pdftex.def Error: File `../lab02/images/1_03 kHz Sine Wave (uniform)-
eps-converted-to.pdf' not found: using draft setting.

See the pdftex.def package documentation for explanation.
Type  H <return>  for immediate help.
 ...                                              
                                                  
l.111 ...\textwidth]{1_03 kHz Sine Wave (uniform)}
                                                  
Try typing  <return>  to proceed.
If that doesn't work, type  X <return>  to quit.

Package epstopdf Info: Source file: <../lab02/images/1_03 kHz Sine Wave (hannin
g).eps>
(epstopdf)                    date: 2021-10-23 23:48:33
(epstopdf)                    size: 65949 bytes
(epstopdf)             Output file: <../lab02/images/1_03 kHz Sine Wave (hannin
g)-eps-converted-to.pdf>
(epstopdf)             Command: <miktex-epstopdf --outfile=../lab02/images/1_03
 kHz Sine Wave (hanning)-eps-converted-to.pdf ../lab02/images/1_03 kHz Sine Wav
e (hanning).eps>
(epstopdf)             \includegraphics on input line 113.
runsystem(miktex-epstopdf --outfile=../lab02/images/1_03 kHz Sine Wave (hanning
)-eps-converted-to.pdf ../lab02/images/1_03 kHz Sine Wave (hanning).eps)...exec
uted (allowed).

Package epstopdf Info: Result file: <../lab02/images/1_03 kHz Sine Wave (hannin
g)-eps-converted-to.pdf>.

! Package pdftex.def Error: File `../lab02/images/1_03 kHz Sine Wave (hanning)-
eps-converted-to.pdf' not found: using draft setting.

See the pdftex.def package documentation for explanation.
Type  H <return>  for immediate help.
 ...                                              
                                                  
l.113 ...\textwidth]{1_03 kHz Sine Wave (hanning)}
                                                  
Try typing  <return>  to proceed.
If that doesn't work, type  X <return>  to quit.


LaTeX Warning: Float too large for page by 1314.60574pt on input line 116.

Package epstopdf Info: Source file: <../lab02/images/1 kHz Square Wave (uniform
).eps>
(epstopdf)                    date: 2021-10-23 23:48:36
(epstopdf)                    size: 73488 bytes
(epstopdf)             Output file: <../lab02/images/1 kHz Square Wave (uniform
)-eps-converted-to.pdf>
(epstopdf)             Command: <miktex-epstopdf --outfile=../lab02/images/1 kH
z Square Wave (uniform)-eps-converted-to.pdf ../lab02/images/1 kHz Square Wave 
(uniform).eps>
(epstopdf)             \includegraphics on input line 120.
runsystem(miktex-epstopdf --outfile=../lab02/images/1 kHz Square Wave (uniform)
-eps-converted-to.pdf ../lab02/images/1 kHz Square Wave (uniform).eps)...execut
ed (allowed).

Package epstopdf Info: Result file: <../lab02/images/1 kHz Square Wave (uniform
)-eps-converted-to.pdf>.

! Package pdftex.def Error: File `../lab02/images/1 kHz Square Wave (uniform)-e
ps-converted-to.pdf' not found: using draft setting.

See the pdftex.def package documentation for explanation.
Type  H <return>  for immediate help.
 ...                                              
                                                  
l.120 ...=\textwidth]{1 kHz Square Wave (uniform)}
                                                  
Try typing  <return>  to proceed.
If that doesn't work, type  X <return>  to quit.

Package epstopdf Info: Source file: <../lab02/images/1 kHz Square Wave (hanning
).eps>
(epstopdf)                    date: 2021-10-23 23:48:36
(epstopdf)                    size: 72790 bytes
(epstopdf)             Output file: <../lab02/images/1 kHz Square Wave (hanning
)-eps-converted-to.pdf>
(epstopdf)             Command: <miktex-epstopdf --outfile=../lab02/images/1 kH
z Square Wave (hanning)-eps-converted-to.pdf ../lab02/images/1 kHz Square Wave 
(hanning).eps>
(epstopdf)             \includegraphics on input line 121.
runsystem(miktex-epstopdf --outfile=../lab02/images/1 kHz Square Wave (hanning)
-eps-converted-to.pdf ../lab02/images/1 kHz Square Wave (hanning).eps)...execut
ed (allowed).

Package epstopdf Info: Result file: <../lab02/images/1 kHz Square Wave (hanning
)-eps-converted-to.pdf>.

! Package pdftex.def Error: File `../lab02/images/1 kHz Square Wave (hanning)-e
ps-converted-to.pdf' not found: using draft setting.

See the pdftex.def package documentation for explanation.
Type  H <return>  for immediate help.
 ...                                              
                                                  
l.121 ...=\textwidth]{1 kHz Square Wave (hanning)}
                                                  
Try typing  <return>  to proceed.
If that doesn't work, type  X <return>  to quit.

Package epstopdf Info: Source file: <../lab02/images/1_03 kHz Square Wave (unif
orm).eps>
(epstopdf)                    date: 2021-10-23 23:48:36
(epstopdf)                    size: 71029 bytes
(epstopdf)             Output file: <../lab02/images/1_03 kHz Square Wave (unif
orm)-eps-converted-to.pdf>
(epstopdf)             Command: <miktex-epstopdf --outfile=../lab02/images/1_03
 kHz Square Wave (uniform)-eps-converted-to.pdf ../lab02/images/1_03 kHz Square
 Wave (uniform).eps>
(epstopdf)             \includegraphics on input line 122.
runsystem(miktex-epstopdf --outfile=../lab02/images/1_03 kHz Square Wave (unifo
rm)-eps-converted-to.pdf ../lab02/images/1_03 kHz Square Wave (uniform).eps)...
executed (allowed).

Package epstopdf Info: Result file: <../lab02/images/1_03 kHz Square Wave (unif
orm)-eps-converted-to.pdf>.

! Package pdftex.def Error: File `../lab02/images/1_03 kHz Square Wave (uniform
)-eps-converted-to.pdf' not found: using draft setting.

See the pdftex.def package documentation for explanation.
Type  H <return>  for immediate help.
 ...                                              
                                                  
l.122 ...extwidth]{1_03 kHz Square Wave (uniform)}
                                                  
Try typing  <return>  to proceed.
If that doesn't work, type  X <return>  to quit.

Package epstopdf Info: Source file: <../lab02/images/1_03 kHz Square Wave (hann
ing).eps>
(epstopdf)                    date: 2021-10-23 23:48:36
(epstopdf)                    size: 74427 bytes
(epstopdf)             Output file: <../lab02/images/1_03 kHz Square Wave (hann
ing)-eps-converted-to.pdf>
(epstopdf)             Command: <miktex-epstopdf --outfile=../lab02/images/1_03
 kHz Square Wave (hanning)-eps-converted-to.pdf ../lab02/images/1_03 kHz Square
 Wave (hanning).eps>
(epstopdf)             \includegraphics on input line 123.
runsystem(miktex-epstopdf --outfile=../lab02/images/1_03 kHz Square Wave (hanni
ng)-eps-converted-to.pdf ../lab02/images/1_03 kHz Square Wave (hanning).eps)...
executed (allowed).

Package epstopdf Info: Result file: <../lab02/images/1_03 kHz Square Wave (hann
ing)-eps-converted-to.pdf>.

! Package pdftex.def Error: File `../lab02/images/1_03 kHz Square Wave (hanning
)-eps-converted-to.pdf' not found: using draft setting.

See the pdftex.def package documentation for explanation.
Type  H <return>  for immediate help.
 ...                                              
                                                  
l.123 ...extwidth]{1_03 kHz Square Wave (hanning)}
                                                  
Try typing  <return>  to proceed.
If that doesn't work, type  X <return>  to quit.


LaTeX Warning: Float too large for page by 1285.60574pt on input line 126.

Package epstopdf Info: Source file: <../lab02/images/1 kHz Triangle Wave (unifo
rm).eps>
(epstopdf)                    date: 2021-10-23 23:48:34
(epstopdf)                    size: 58718 bytes
(epstopdf)             Output file: <../lab02/images/1 kHz Triangle Wave (unifo
rm)-eps-converted-to.pdf>
(epstopdf)             Command: <miktex-epstopdf --outfile=../lab02/images/1 kH
z Triangle Wave (uniform)-eps-converted-to.pdf ../lab02/images/1 kHz Triangle W
ave (uniform).eps>
(epstopdf)             \includegraphics on input line 130.
runsystem(miktex-epstopdf --outfile=../lab02/images/1 kHz Triangle Wave (unifor
m)-eps-converted-to.pdf ../lab02/images/1 kHz Triangle Wave (uniform).eps)...ex
ecuted (allowed).

Package epstopdf Info: Result file: <../lab02/images/1 kHz Triangle Wave (unifo
rm)-eps-converted-to.pdf>.

! Package pdftex.def Error: File `../lab02/images/1 kHz Triangle Wave (uniform)
-eps-converted-to.pdf' not found: using draft setting.

See the pdftex.def package documentation for explanation.
Type  H <return>  for immediate help.
 ...                                              
                                                  
l.130 ...textwidth]{1 kHz Triangle Wave (uniform)}
                                                  
Try typing  <return>  to proceed.
If that doesn't work, type  X <return>  to quit.

Package epstopdf Info: Source file: <../lab02/images/1 kHz Triange Wave (hannin
g).eps>
(epstopdf)                    date: 2021-10-23 23:48:34
(epstopdf)                    size: 68983 bytes
(epstopdf)             Output file: <../lab02/images/1 kHz Triange Wave (hannin
g)-eps-converted-to.pdf>
(epstopdf)             Command: <miktex-epstopdf --outfile=../lab02/images/1 kH
z Triange Wave (hanning)-eps-converted-to.pdf ../lab02/images/1 kHz Triange Wav
e (hanning).eps>
(epstopdf)             \includegraphics on input line 131.
runsystem(miktex-epstopdf --outfile=../lab02/images/1 kHz Triange Wave (hanning
)-eps-converted-to.pdf ../lab02/images/1 kHz Triange Wave (hanning).eps)...exec
uted (allowed).

Package epstopdf Info: Result file: <../lab02/images/1 kHz Triange Wave (hannin
g)-eps-converted-to.pdf>.

! Package pdftex.def Error: File `../lab02/images/1 kHz Triange Wave (hanning)-
eps-converted-to.pdf' not found: using draft setting.

See the pdftex.def package documentation for explanation.
Type  H <return>  for immediate help.
 ...                                              
                                                  
l.131 ...\textwidth]{1 kHz Triange Wave (hanning)}
                                                  
Try typing  <return>  to proceed.
If that doesn't work, type  X <return>  to quit.

Package epstopdf Info: Source file: <../lab02/images/1_03 kHz Tringle Wave (uni
form).eps>
(epstopdf)                    date: 2021-10-23 23:48:35
(epstopdf)                    size: 64652 bytes
(epstopdf)             Output file: <../lab02/images/1_03 kHz Tringle Wave (uni
form)-eps-converted-to.pdf>
(epstopdf)             Command: <miktex-epstopdf --outfile=../lab02/images/1_03
 kHz Tringle Wave (uniform)-eps-converted-to.pdf ../lab02/images/1_03 kHz Tring
le Wave (uniform).eps>
(epstopdf)             \includegraphics on input line 132.
runsystem(miktex-epstopdf --outfile=../lab02/images/1_03 kHz Tringle Wave (unif
orm)-eps-converted-to.pdf ../lab02/images/1_03 kHz Tringle Wave (uniform).eps).
..executed (allowed).

Package epstopdf Info: Result file: <../lab02/images/1_03 kHz Tringle Wave (uni
form)-eps-converted-to.pdf>.

! Package pdftex.def Error: File `../lab02/images/1_03 kHz Tringle Wave (unifor
m)-eps-converted-to.pdf' not found: using draft setting.

See the pdftex.def package documentation for explanation.
Type  H <return>  for immediate help.
 ...                                              
                                                  
l.132 ...xtwidth]{1_03 kHz Tringle Wave (uniform)}
                                                  
Try typing  <return>  to proceed.
If that doesn't work, type  X <return>  to quit.

Package epstopdf Info: Source file: <../lab02/images/1_03 kHz Triangle Wave (ha
nning).eps>
(epstopdf)                    date: 2021-10-23 23:48:35
(epstopdf)                    size: 71246 bytes
(epstopdf)             Output file: <../lab02/images/1_03 kHz Triangle Wave (ha
nning)-eps-converted-to.pdf>
(epstopdf)             Command: <miktex-epstopdf --outfile=../lab02/images/1_03
 kHz Triangle Wave (hanning)-eps-converted-to.pdf ../lab02/images/1_03 kHz Tria
ngle Wave (hanning).eps>
(epstopdf)             \includegraphics on input line 133.
runsystem(miktex-epstopdf --outfile=../lab02/images/1_03 kHz Triangle Wave (han
ning)-eps-converted-to.pdf ../lab02/images/1_03 kHz Triangle Wave (hanning).eps
)...executed (allowed).

Package epstopdf Info: Result file: <../lab02/images/1_03 kHz Triangle Wave (ha
nning)-eps-converted-to.pdf>.

! Package pdftex.def Error: File `../lab02/images/1_03 kHz Triangle Wave (hanni
ng)-eps-converted-to.pdf' not found: using draft setting.

See the pdftex.def package documentation for explanation.
Type  H <return>  for immediate help.
 ...                                              
                                                  
l.133 ...twidth]{1_03 kHz Triangle Wave (hanning)}
                                                  
Try typing  <return>  to proceed.
If that doesn't work, type  X <return>  to quit.


LaTeX Warning: Float too large for page by 1300.10574pt on input line 136.

Package epstopdf Info: Source file: <../lab02/images/1 kHz and 1_03 kHz Sine Wa
ve Sum (uniform).eps>
(epstopdf)                    date: 2021-10-23 23:48:37
(epstopdf)                    size: 65498 bytes
(epstopdf)             Output file: <../lab02/images/1 kHz and 1_03 kHz Sine Wa
ve Sum (uniform)-eps-converted-to.pdf>
(epstopdf)             Command: <miktex-epstopdf --outfile=../lab02/images/1 kH
z and 1_03 kHz Sine Wave Sum (uniform)-eps-converted-to.pdf ../lab02/images/1 k
Hz and 1_03 kHz Sine Wave Sum (uniform).eps>
(epstopdf)             \includegraphics on input line 140.
runsystem(miktex-epstopdf --outfile=../lab02/images/1 kHz and 1_03 kHz Sine Wav
e Sum (uniform)-eps-converted-to.pdf ../lab02/images/1 kHz and 1_03 kHz Sine Wa
ve Sum (uniform).eps)...executed (allowed).

Package epstopdf Info: Result file: <../lab02/images/1 kHz and 1_03 kHz Sine Wa
ve Sum (uniform)-eps-converted-to.pdf>.

! Package pdftex.def Error: File `../lab02/images/1 kHz and 1_03 kHz Sine Wave 
Sum (uniform)-eps-converted-to.pdf' not found: using draft setting.

See the pdftex.def package documentation for explanation.
Type  H <return>  for immediate help.
 ...                                              
                                                  
l.140 ...kHz and 1_03 kHz Sine Wave Sum (uniform)}
                                                  
Try typing  <return>  to proceed.
If that doesn't work, type  X <return>  to quit.

Package epstopdf Info: Source file: <../lab02/images/1 kHz and 1_03 kHz Sine Wa
ve Sum (hanning).eps>
(epstopdf)                    date: 2021-10-23 23:48:37
(epstopdf)                    size: 68556 bytes
(epstopdf)             Output file: <../lab02/images/1 kHz and 1_03 kHz Sine Wa
ve Sum (hanning)-eps-converted-to.pdf>
(epstopdf)             Command: <miktex-epstopdf --outfile=../lab02/images/1 kH
z and 1_03 kHz Sine Wave Sum (hanning)-eps-converted-to.pdf ../lab02/images/1 k
Hz and 1_03 kHz Sine Wave Sum (hanning).eps>
(epstopdf)             \includegraphics on input line 141.
runsystem(miktex-epstopdf --outfile=../lab02/images/1 kHz and 1_03 kHz Sine Wav
e Sum (hanning)-eps-converted-to.pdf ../lab02/images/1 kHz and 1_03 kHz Sine Wa
ve Sum (hanning).eps)...executed (allowed).

Package epstopdf Info: Result file: <../lab02/images/1 kHz and 1_03 kHz Sine Wa
ve Sum (hanning)-eps-converted-to.pdf>.

! Package pdftex.def Error: File `../lab02/images/1 kHz and 1_03 kHz Sine Wave 
Sum (hanning)-eps-converted-to.pdf' not found: using draft setting.

See the pdftex.def package documentation for explanation.
Type  H <return>  for immediate help.
 ...                                              
                                                  
l.141 ...kHz and 1_03 kHz Sine Wave Sum (hanning)}
                                                  
Try typing  <return>  to proceed.
If that doesn't work, type  X <return>  to quit.


LaTeX Warning: Float too large for page by 314.83786pt on input line 144.

Package epstopdf Info: Source file: <../lab02/images/1 kHz and 1_03 kHz Sine Wa
ve Product (uniform).eps>
(epstopdf)                    date: 2021-10-23 23:48:38
(epstopdf)                    size: 81936 bytes
(epstopdf)             Output file: <../lab02/images/1 kHz and 1_03 kHz Sine Wa
ve Product (uniform)-eps-converted-to.pdf>
(epstopdf)             Command: <miktex-epstopdf --outfile=../lab02/images/1 kH
z and 1_03 kHz Sine Wave Product (uniform)-eps-converted-to.pdf ../lab02/images
/1 kHz and 1_03 kHz Sine Wave Product (uniform).eps>
(epstopdf)             \includegraphics on input line 148.
runsystem(miktex-epstopdf --outfile=../lab02/images/1 kHz and 1_03 kHz Sine Wav
e Product (uniform)-eps-converted-to.pdf ../lab02/images/1 kHz and 1_03 kHz Sin
e Wave Product (uniform).eps)...executed (allowed).

Package epstopdf Info: Result file: <../lab02/images/1 kHz and 1_03 kHz Sine Wa
ve Product (uniform)-eps-converted-to.pdf>.

! Package pdftex.def Error: File `../lab02/images/1 kHz and 1_03 kHz Sine Wave 
Product (uniform)-eps-converted-to.pdf' not found: using draft setting.

See the pdftex.def package documentation for explanation.
Type  H <return>  for immediate help.
 ...                                              
                                                  
l.148 ...and 1_03 kHz Sine Wave Product (uniform)}
                                                  
Try typing  <return>  to proceed.
If that doesn't work, type  X <return>  to quit.

Package epstopdf Info: Source file: <../lab02/images/1 kHz and 1_03 kHz Sine Wa
ve Product (hanning).eps>
(epstopdf)                    date: 2021-10-23 23:48:38
(epstopdf)                    size: 65965 bytes
(epstopdf)             Output file: <../lab02/images/1 kHz and 1_03 kHz Sine Wa
ve Product (hanning)-eps-converted-to.pdf>
(epstopdf)             Command: <miktex-epstopdf --outfile=../lab02/images/1 kH
z and 1_03 kHz Sine Wave Product (hanning)-eps-converted-to.pdf ../lab02/images
/1 kHz and 1_03 kHz Sine Wave Product (hanning).eps>
(epstopdf)             \includegraphics on input line 149.
runsystem(miktex-epstopdf --outfile=../lab02/images/1 kHz and 1_03 kHz Sine Wav
e Product (hanning)-eps-converted-to.pdf ../lab02/images/1 kHz and 1_03 kHz Sin
e Wave Product (hanning).eps)...executed (allowed).

Package epstopdf Info: Result file: <../lab02/images/1 kHz and 1_03 kHz Sine Wa
ve Product (hanning)-eps-converted-to.pdf>.

! Package pdftex.def Error: File `../lab02/images/1 kHz and 1_03 kHz Sine Wave 
Product (hanning)-eps-converted-to.pdf' not found: using draft setting.

See the pdftex.def package documentation for explanation.
Type  H <return>  for immediate help.
 ...                                              
                                                  
l.149 ...and 1_03 kHz Sine Wave Product (hanning)}
                                                  
Try typing  <return>  to proceed.
If that doesn't work, type  X <return>  to quit.


LaTeX Warning: Float too large for page by 314.83786pt on input line 152.

Package epstopdf Info: Source file: <../lab02/images/Variety of Windows.eps>
(epstopdf)                    date: 2021-10-23 23:48:37
(epstopdf)                    size: 53213 bytes
(epstopdf)             Output file: <../lab02/images/Variety of Windows-eps-con
verted-to.pdf>
(epstopdf)             Command: <miktex-epstopdf --outfile=../lab02/images/Vari
ety of Windows-eps-converted-to.pdf ../lab02/images/Variety of Windows.eps>
(epstopdf)             \includegraphics on input line 156.
runsystem(miktex-epstopdf --outfile=../lab02/images/Variety of Windows-eps-conv
erted-to.pdf ../lab02/images/Variety of Windows.eps)...executed (allowed).

Package epstopdf Info: Result file: <../lab02/images/Variety of Windows-eps-con
verted-to.pdf>.

! Package pdftex.def Error: File `../lab02/images/Variety of Windows-eps-conver
ted-to.pdf' not found: using draft setting.

See the pdftex.def package documentation for explanation.
Type  H <return>  for immediate help.
 ...                                              
                                                  
l.156 ...ics[width=\textwidth]{Variety of Windows}
                                                  
Try typing  <return>  to proceed.
If that doesn't work, type  X <return>  to quit.

Package epstopdf Info: Source file: <../lab02/images/Buried Treasure Setting A 
(uniform).eps>
(epstopdf)                    date: 2021-10-23 23:48:39
(epstopdf)                    size: 101313 bytes
(epstopdf)             Output file: <../lab02/images/Buried Treasure Setting A 
(uniform)-eps-converted-to.pdf>
(epstopdf)             Command: <miktex-epstopdf --outfile=../lab02/images/Buri
ed Treasure Setting A (uniform)-eps-converted-to.pdf ../lab02/images/Buried Tre
asure Setting A (uniform).eps>
(epstopdf)             \includegraphics on input line 163.
runsystem(miktex-epstopdf --outfile=../lab02/images/Buried Treasure Setting A (
uniform)-eps-converted-to.pdf ../lab02/images/Buried Treasure Setting A (unifor
m).eps)...executed (allowed).

Package epstopdf Info: Result file: <../lab02/images/Buried Treasure Setting A 
(uniform)-eps-converted-to.pdf>.

! Package pdftex.def Error: File `../lab02/images/Buried Treasure Setting A (un
iform)-eps-converted-to.pdf' not found: using draft setting.

See the pdftex.def package documentation for explanation.
Type  H <return>  for immediate help.
 ...                                              
                                                  
l.163 ...dth]{Buried Treasure Setting A (uniform)}
                                                  
Try typing  <return>  to proceed.
If that doesn't work, type  X <return>  to quit.

Package epstopdf Info: Source file: <../lab02/images/Buried Treasure Setting B 
(uniform).eps>
(epstopdf)                    date: 2021-10-23 23:48:39
(epstopdf)                    size: 101605 bytes
(epstopdf)             Output file: <../lab02/images/Buried Treasure Setting B 
(uniform)-eps-converted-to.pdf>
(epstopdf)             Command: <miktex-epstopdf --outfile=../lab02/images/Buri
ed Treasure Setting B (uniform)-eps-converted-to.pdf ../lab02/images/Buried Tre
asure Setting B (uniform).eps>
(epstopdf)             \includegraphics on input line 164.
runsystem(miktex-epstopdf --outfile=../lab02/images/Buried Treasure Setting B (
uniform)-eps-converted-to.pdf ../lab02/images/Buried Treasure Setting B (unifor
m).eps)...executed (allowed).

Package epstopdf Info: Result file: <../lab02/images/Buried Treasure Setting B 
(uniform)-eps-converted-to.pdf>.

! Package pdftex.def Error: File `../lab02/images/Buried Treasure Setting B (un
iform)-eps-converted-to.pdf' not found: using draft setting.

See the pdftex.def package documentation for explanation.
Type  H <return>  for immediate help.
 ...                                              
                                                  
l.164 ...dth]{Buried Treasure Setting B (uniform)}
                                                  
Try typing  <return>  to proceed.
If that doesn't work, type  X <return>  to quit.

Package epstopdf Info: Source file: <../lab02/images/Buried Treasure Setting C 
(uniform).eps>
(epstopdf)                    date: 2021-10-23 23:48:39
(epstopdf)                    size: 90250 bytes
(epstopdf)             Output file: <../lab02/images/Buried Treasure Setting C 
(uniform)-eps-converted-to.pdf>
(epstopdf)             Command: <miktex-epstopdf --outfile=../lab02/images/Buri
ed Treasure Setting C (uniform)-eps-converted-to.pdf ../lab02/images/Buried Tre
asure Setting C (uniform).eps>
(epstopdf)             \includegraphics on input line 165.
runsystem(miktex-epstopdf --outfile=../lab02/images/Buried Treasure Setting C (
uniform)-eps-converted-to.pdf ../lab02/images/Buried Treasure Setting C (unifor
m).eps)...executed (allowed).

Package epstopdf Info: Result file: <../lab02/images/Buried Treasure Setting C 
(uniform)-eps-converted-to.pdf>.

! Package pdftex.def Error: File `../lab02/images/Buried Treasure Setting C (un
iform)-eps-converted-to.pdf' not found: using draft setting.

See the pdftex.def package documentation for explanation.
Type  H <return>  for immediate help.
 ...                                              
                                                  
l.165 ...dth]{Buried Treasure Setting C (uniform)}
                                                  
Try typing  <return>  to proceed.
If that doesn't work, type  X <return>  to quit.


LaTeX Warning: Float too large for page by 829.2218pt on input line 168.

[4]
Package epstopdf Info: Source file: <../lab02/images/arduino data_.eps>
(epstopdf)                    date: 2021-10-23 23:48:41
(epstopdf)                    size: 41817 bytes
(epstopdf)             Output file: <../lab02/images/arduino data_-eps-converte
d-to.pdf>
(epstopdf)             Command: <miktex-epstopdf --outfile=../lab02/images/ardu
ino data_-eps-converted-to.pdf ../lab02/images/arduino data_.eps>
(epstopdf)             \includegraphics on input line 188.
runsystem(miktex-epstopdf --outfile=../lab02/images/arduino data_-eps-converted
-to.pdf ../lab02/images/arduino data_.eps)...executed (allowed).

Package epstopdf Info: Result file: <../lab02/images/arduino data_-eps-converte
d-to.pdf>.


! Package pdftex.def Error: File `../lab02/images/arduino data_-eps-converted-t
o.pdf' not found: using draft setting.

See the pdftex.def package documentation for explanation.
Type  H <return>  for immediate help.
 ...                                              
                                                  
l.188 ...graphics[width=\textwidth]{arduino data_}
                                                  
Try typing  <return>  to proceed.
If that doesn't work, type  X <return>  to quit.

Package epstopdf Info: Source file: <../lab02/images/Noise Drive into LRC Filte
r (uniform).eps>
(epstopdf)                    date: 2021-10-23 23:48:40
(epstopdf)                    size: 55952 bytes
(epstopdf)             Output file: <../lab02/images/Noise Drive into LRC Filte
r (uniform)-eps-converted-to.pdf>
(epstopdf)             Command: <miktex-epstopdf --outfile=../lab02/images/Nois
e Drive into LRC Filter (uniform)-eps-converted-to.pdf ../lab02/images/Noise Dr
ive into LRC Filter (uniform).eps>
(epstopdf)             \includegraphics on input line 196.
runsystem(miktex-epstopdf --outfile=../lab02/images/Noise Drive into LRC Filter
 (uniform)-eps-converted-to.pdf ../lab02/images/Noise Drive into LRC Filter (un
iform).eps)...executed (allowed).

Package epstopdf Info: Result file: <../lab02/images/Noise Drive into LRC Filte
r (uniform)-eps-converted-to.pdf>.

! Package pdftex.def Error: File `../lab02/images/Noise Drive into LRC Filter (
uniform)-eps-converted-to.pdf' not found: using draft setting.

See the pdftex.def package documentation for explanation.
Type  H <return>  for immediate help.
 ...                                              
                                                  
l.196 ...h]{Noise Drive into LRC Filter (uniform)}
                                                  
Try typing  <return>  to proceed.
If that doesn't work, type  X <return>  to quit.

Package epstopdf Info: Source file: <../lab02/images/Acoustical Chamber (3cm) (
uniform).eps>
(epstopdf)                    date: 2021-10-23 23:48:42
(epstopdf)                    size: 85195 bytes
(epstopdf)             Output file: <../lab02/images/Acoustical Chamber (3cm) (
uniform)-eps-converted-to.pdf>
(epstopdf)             Command: <miktex-epstopdf --outfile=../lab02/images/Acou
stical Chamber (3cm) (uniform)-eps-converted-to.pdf ../lab02/images/Acoustical 
Chamber (3cm) (uniform).eps>
(epstopdf)             \includegraphics on input line 210.
runsystem(miktex-epstopdf --outfile=../lab02/images/Acoustical Chamber (3cm) (u
niform)-eps-converted-to.pdf ../lab02/images/Acoustical Chamber (3cm) (uniform)
.eps)...executed (allowed).

Package epstopdf Info: Result file: <../lab02/images/Acoustical Chamber (3cm) (
uniform)-eps-converted-to.pdf>.

! Package pdftex.def Error: File `../lab02/images/Acoustical Chamber (3cm) (uni
form)-eps-converted-to.pdf' not found: using draft setting.

See the pdftex.def package documentation for explanation.
Type  H <return>  for immediate help.
 ...                                              
                                                  
l.210 ...idth]{Acoustical Chamber (3cm) (uniform)}
                                                  
Try typing  <return>  to proceed.
If that doesn't work, type  X <return>  to quit.

Package epstopdf Info: Source file: <../lab02/images/Acoustical Chamber (4cm) (
uniform).eps>
(epstopdf)                    date: 2021-10-23 23:48:42
(epstopdf)                    size: 90443 bytes
(epstopdf)             Output file: <../lab02/images/Acoustical Chamber (4cm) (
uniform)-eps-converted-to.pdf>
(epstopdf)             Command: <miktex-epstopdf --outfile=../lab02/images/Acou
stical Chamber (4cm) (uniform)-eps-converted-to.pdf ../lab02/images/Acoustical 
Chamber (4cm) (uniform).eps>
(epstopdf)             \includegraphics on input line 211.
runsystem(miktex-epstopdf --outfile=../lab02/images/Acoustical Chamber (4cm) (u
niform)-eps-converted-to.pdf ../lab02/images/Acoustical Chamber (4cm) (uniform)
.eps)...executed (allowed).

Package epstopdf Info: Result file: <../lab02/images/Acoustical Chamber (4cm) (
uniform)-eps-converted-to.pdf>.

! Package pdftex.def Error: File `../lab02/images/Acoustical Chamber (4cm) (uni
form)-eps-converted-to.pdf' not found: using draft setting.

See the pdftex.def package documentation for explanation.
Type  H <return>  for immediate help.
 ...                                              
                                                  
l.211 ...idth]{Acoustical Chamber (4cm) (uniform)}
                                                  
Try typing  <return>  to proceed.
If that doesn't work, type  X <return>  to quit.

Package epstopdf Info: Source file: <../lab02/images/Acoustical Chamber (5cm) (
uniform).eps>
(epstopdf)                    date: 2021-10-23 23:48:42
(epstopdf)                    size: 82896 bytes
(epstopdf)             Output file: <../lab02/images/Acoustical Chamber (5cm) (
uniform)-eps-converted-to.pdf>
(epstopdf)             Command: <miktex-epstopdf --outfile=../lab02/images/Acou
stical Chamber (5cm) (uniform)-eps-converted-to.pdf ../lab02/images/Acoustical 
Chamber (5cm) (uniform).eps>
(epstopdf)             \includegraphics on input line 212.
runsystem(miktex-epstopdf --outfile=../lab02/images/Acoustical Chamber (5cm) (u
niform)-eps-converted-to.pdf ../lab02/images/Acoustical Chamber (5cm) (uniform)
.eps)...executed (allowed).

Package epstopdf Info: Result file: <../lab02/images/Acoustical Chamber (5cm) (
uniform)-eps-converted-to.pdf>.

! Package pdftex.def Error: File `../lab02/images/Acoustical Chamber (5cm) (uni
form)-eps-converted-to.pdf' not found: using draft setting.

See the pdftex.def package documentation for explanation.
Type  H <return>  for immediate help.
 ...                                              
                                                  
l.212 ...idth]{Acoustical Chamber (5cm) (uniform)}
                                                  
Try typing  <return>  to proceed.
If that doesn't work, type  X <return>  to quit.

Package epstopdf Info: Source file: <../lab02/images/Acoustical Chamber (6cm) (
uniform).eps>
(epstopdf)                    date: 2021-10-23 23:48:42
(epstopdf)                    size: 84504 bytes
(epstopdf)             Output file: <../lab02/images/Acoustical Chamber (6cm) (
uniform)-eps-converted-to.pdf>
(epstopdf)             Command: <miktex-epstopdf --outfile=../lab02/images/Acou
stical Chamber (6cm) (uniform)-eps-converted-to.pdf ../lab02/images/Acoustical 
Chamber (6cm) (uniform).eps>
(epstopdf)             \includegraphics on input line 213.
runsystem(miktex-epstopdf --outfile=../lab02/images/Acoustical Chamber (6cm) (u
niform)-eps-converted-to.pdf ../lab02/images/Acoustical Chamber (6cm) (uniform)
.eps)...executed (allowed).

Package epstopdf Info: Result file: <../lab02/images/Acoustical Chamber (6cm) (
uniform)-eps-converted-to.pdf>.

! Package pdftex.def Error: File `../lab02/images/Acoustical Chamber (6cm) (uni
form)-eps-converted-to.pdf' not found: using draft setting.

See the pdftex.def package documentation for explanation.
Type  H <return>  for immediate help.
 ...                                              
                                                  
l.213 ...idth]{Acoustical Chamber (6cm) (uniform)}
                                                  
Try typing  <return>  to proceed.
If that doesn't work, type  X <return>  to quit.


LaTeX Warning: Float too large for page by 1285.60574pt on input line 216.

Package epstopdf Info: Source file: <../lab02/images/arduino data_0.eps>
(epstopdf)                    date: 2021-10-23 23:48:41
(epstopdf)                    size: 53002 bytes
(epstopdf)             Output file: <../lab02/images/arduino data_0-eps-convert
ed-to.pdf>
(epstopdf)             Command: <miktex-epstopdf --outfile=../lab02/images/ardu
ino data_0-eps-converted-to.pdf ../lab02/images/arduino data_0.eps>
(epstopdf)             \includegraphics on input line 222.
runsystem(miktex-epstopdf --outfile=../lab02/images/arduino data_0-eps-converte
d-to.pdf ../lab02/images/arduino data_0.eps)...executed (allowed).

Package epstopdf Info: Result file: <../lab02/images/arduino data_0-eps-convert
ed-to.pdf>.

! Package pdftex.def Error: File `../lab02/images/arduino data_0-eps-converted-
to.pdf' not found: using draft setting.

See the pdftex.def package documentation for explanation.
Type  H <return>  for immediate help.
 ...                                              
                                                  
l.222 ...raphics[width=\textwidth]{arduino data_0}
                                                  
Try typing  <return>  to proceed.
If that doesn't work, type  X <return>  to quit.

Package epstopdf Info: Source file: <../lab02/images/arduino data_1.eps>
(epstopdf)                    date: 2021-10-23 23:48:41
(epstopdf)                    size: 48400 bytes
(epstopdf)             Output file: <../lab02/images/arduino data_1-eps-convert
ed-to.pdf>
(epstopdf)             Command: <miktex-epstopdf --outfile=../lab02/images/ardu
ino data_1-eps-converted-to.pdf ../lab02/images/arduino data_1.eps>
(epstopdf)             \includegraphics on input line 223.
runsystem(miktex-epstopdf --outfile=../lab02/images/arduino data_1-eps-converte
d-to.pdf ../lab02/images/arduino data_1.eps)...executed (allowed).

Package epstopdf Info: Result file: <../lab02/images/arduino data_1-eps-convert
ed-to.pdf>.

! Package pdftex.def Error: File `../lab02/images/arduino data_1-eps-converted-
to.pdf' not found: using draft setting.

See the pdftex.def package documentation for explanation.
Type  H <return>  for immediate help.
 ...                                              
                                                  
l.223 ...raphics[width=\textwidth]{arduino data_1}
                                                  
Try typing  <return>  to proceed.
If that doesn't work, type  X <return>  to quit.

Package epstopdf Info: Source file: <../lab02/images/arduino data_2.eps>
(epstopdf)                    date: 2021-10-23 23:48:42
(epstopdf)                    size: 44721 bytes
(epstopdf)             Output file: <../lab02/images/arduino data_2-eps-convert
ed-to.pdf>
(epstopdf)             Command: <miktex-epstopdf --outfile=../lab02/images/ardu
ino data_2-eps-converted-to.pdf ../lab02/images/arduino data_2.eps>
(epstopdf)             \includegraphics on input line 224.
runsystem(miktex-epstopdf --outfile=../lab02/images/arduino data_2-eps-converte
d-to.pdf ../lab02/images/arduino data_2.eps)...executed (allowed).

Package epstopdf Info: Result file: <../lab02/images/arduino data_2-eps-convert
ed-to.pdf>.

! Package pdftex.def Error: File `../lab02/images/arduino data_2-eps-converted-
to.pdf' not found: using draft setting.

See the pdftex.def package documentation for explanation.
Type  H <return>  for immediate help.
 ...                                              
                                                  
l.224 ...raphics[width=\textwidth]{arduino data_2}
                                                  
Try typing  <return>  to proceed.
If that doesn't work, type  X <return>  to quit.


LaTeX Warning: Float too large for page by 800.2218pt on input line 227.

[5] [6]
No file lab02_writeup.bbl.

Underfull \hbox (badness 7415) in paragraph at lines 339--341
[]\OT1/cmr/m/n/12 Nave, R. Res-o-nant RLC Cir-cuits. Hy-per Physics, 2019, hype
rphysics.phy-
 []

[7] [8] [9] [10] [11] [12] [13] [14] [15] [16] [17] [18] [19]
(lab02_writeup.aux)

LaTeX Warning: Label(s) may have changed. Rerun to get cross-references right.

 ) 
Here is how much of TeX's memory you used:
 31068 strings out of 478927
 818090 string characters out of 2852534
 1188370 words of memory out of 3000000
 48407 multiletter control sequences out of 15000+600000
 413119 words of font info for 63 fonts, out of 8000000 for 9000
 1141 hyphenation exceptions out of 8191
 114i,10n,117p,1237b,609s stack positions out of 5000i,500n,10000p,200000b,80000s
 <C:\Users\jarde\AppData\Local\MiKTeX\fonts/pk/ljfour/jknappen/ec/dpi600\ecrm
1200.pk><C:/Users/jarde/AppData/Local/Programs/MiKTeX/fonts/type1/public/amsfon
ts/cm/cmbx12.pfb><C:/Users/jarde/AppData/Local/Programs/MiKTeX/fonts/type1/publ
ic/amsfonts/cm/cmex10.pfb><C:/Users/jarde/AppData/Local/Programs/MiKTeX/fonts/t
ype1/public/amsfonts/cm/cmmi12.pfb><C:/Users/jarde/AppData/Local/Programs/MiKTe
X/fonts/type1/public/amsfonts/cm/cmmi6.pfb><C:/Users/jarde/AppData/Local/Progra
ms/MiKTeX/fonts/type1/public/amsfonts/cm/cmmi8.pfb><C:/Users/jarde/AppData/Loca
l/Programs/MiKTeX/fonts/type1/public/amsfonts/cm/cmr10.pfb><C:/Users/jarde/AppD
ata/Local/Programs/MiKTeX/fonts/type1/public/amsfonts/cm/cmr12.pfb><C:/Users/ja
rde/AppData/Local/Programs/MiKTeX/fonts/type1/public/amsfonts/cm/cmr17.pfb><C:/
Users/jarde/AppData/Local/Programs/MiKTeX/fonts/type1/public/amsfonts/cm/cmr6.p
fb><C:/Users/jarde/AppData/Local/Programs/MiKTeX/fonts/type1/public/amsfonts/cm
/cmr8.pfb><C:/Users/jarde/AppData/Local/Programs/MiKTeX/fonts/type1/public/amsf
onts/cm/cmsy10.pfb><C:/Users/jarde/AppData/Local/Programs/MiKTeX/fonts/type1/pu
blic/amsfonts/cm/cmsy8.pfb><C:/Users/jarde/AppData/Local/Programs/MiKTeX/fonts/
type1/public/amsfonts/cm/cmtt12.pfb>
Output written on lab02_writeup.pdf (19 pages, 191217 bytes).
PDF statistics:
 137 PDF objects out of 1000 (max. 8388607)
 0 named destinations out of 1000 (max. 500000)
 13 words of extra memory for PDF output out of 10000 (max. 10000000)

